<?xml version="1.0" encoding="utf-8"?>
<!DOCTYPE coverage SYSTEM "http://cobertura.sourceforge.net/xml/coverage-04.dtd">
<coverage line-rate="0.9900990099009901" branch-rate="0.8846153846153846" lines-covered="100" lines-valid="101" branches-covered="23" branches-valid="26" complexity="33" version="0" timestamp="1655320849">
  <sources>
    <source>D:\Moez\LaFrance\Akka\TestTechnique\</source>
    <source>C:\</source>
  </sources>
  <packages>
    <package name="GestForm" line-rate="1" branch-rate="1" complexity="15">
      <classes>
        <class name="GestForm.GestFormHandler" filename="D:\Moez\LaFrance\Akka\TestTechnique\GestForm\GestFormHandler.cs" line-rate="1" branch-rate="1" complexity="12">
          <methods>
            <method name="GestFormDisplay" signature="(...)" line-rate="1" branch-rate="1" complexity="12">
              <lines>
                <line number="11" hits="4" branch="false" />
                <line number="12" hits="4" branch="true" condition-coverage="100% (4/4)" />
                <line number="13" hits="2" branch="false" />
                <line number="14" hits="54" branch="true" condition-coverage="100% (2/2)" />
                <line number="15" hits="24" branch="false" />
                <line number="16" hits="24" branch="false" />
                <line number="17" hits="24" branch="false" />
                <line number="19" hits="24" branch="true" condition-coverage="100% (2/2)" />
                <line number="20" hits="3" branch="false" />
                <line number="21" hits="3" branch="false" />
                <line number="22" hits="3" branch="false" />
                <line number="23" hits="21" branch="true" condition-coverage="100% (2/2)" />
                <line number="24" hits="5" branch="false" />
                <line number="25" hits="5" branch="false" />
                <line number="26" hits="5" branch="false" />
                <line number="27" hits="16" branch="true" condition-coverage="100% (2/2)" />
                <line number="28" hits="7" branch="false" />
                <line number="29" hits="7" branch="false" />
                <line number="30" hits="7" branch="false" />
                <line number="32" hits="9" branch="false" />
                <line number="33" hits="9" branch="false" />
                <line number="34" hits="9" branch="false" />
                <line number="35" hits="24" branch="false" />
                <line number="36" hits="2" branch="false" />
                <line number="37" hits="4" branch="false" />
              </lines>
            </method>
          </methods>
          <lines>
            <line number="11" hits="4" branch="false" />
            <line number="12" hits="4" branch="true" condition-coverage="100% (4/4)" />
            <line number="13" hits="2" branch="false" />
            <line number="14" hits="54" branch="true" condition-coverage="100% (2/2)" />
            <line number="15" hits="24" branch="false" />
            <line number="16" hits="24" branch="false" />
            <line number="17" hits="24" branch="false" />
            <line number="19" hits="24" branch="true" condition-coverage="100% (2/2)" />
            <line number="20" hits="3" branch="false" />
            <line number="21" hits="3" branch="false" />
            <line number="22" hits="3" branch="false" />
            <line number="23" hits="21" branch="true" condition-coverage="100% (2/2)" />
            <line number="24" hits="5" branch="false" />
            <line number="25" hits="5" branch="false" />
            <line number="26" hits="5" branch="false" />
            <line number="27" hits="16" branch="true" condition-coverage="100% (2/2)" />
            <line number="28" hits="7" branch="false" />
            <line number="29" hits="7" branch="false" />
            <line number="30" hits="7" branch="false" />
            <line number="32" hits="9" branch="false" />
            <line number="33" hits="9" branch="false" />
            <line number="34" hits="9" branch="false" />
            <line number="35" hits="24" branch="false" />
            <line number="36" hits="2" branch="false" />
            <line number="37" hits="4" branch="false" />
          </lines>
        </class>
        <class name="GestForm.GestFormHelper" filename="D:\Moez\LaFrance\Akka\TestTechnique\GestForm\GestFormHelper.cs" line-rate="1" branch-rate="1" complexity="2">
          <methods>
            <method name="CreateRandomIntegerList" signature="()" line-rate="1" branch-rate="1" complexity="2">
              <lines>
                <line number="13" hits="2" branch="false" />
                <line number="14" hits="2" branch="false" />
                <line number="15" hits="2" branch="false" />
                <line number="17" hits="84" branch="true" condition-coverage="100% (2/2)" />
                <line number="18" hits="40" branch="false" />
                <line number="19" hits="40" branch="false" />
                <line number="20" hits="40" branch="false" />
                <line number="21" hits="40" branch="false" />
                <line number="23" hits="2" branch="false" />
                <line number="24" hits="2" branch="false" />
              </lines>
            </method>
          </methods>
          <lines>
            <line number="13" hits="2" branch="false" />
            <line number="14" hits="2" branch="false" />
            <line number="15" hits="2" branch="false" />
            <line number="17" hits="84" branch="true" condition-coverage="100% (2/2)" />
            <line number="18" hits="40" branch="false" />
            <line number="19" hits="40" branch="false" />
            <line number="20" hits="40" branch="false" />
            <line number="21" hits="40" branch="false" />
            <line number="23" hits="2" branch="false" />
            <line number="24" hits="2" branch="false" />
          </lines>
        </class>
        <class name="GestForm.Program" filename="D:\Moez\LaFrance\Akka\TestTechnique\GestForm\Program.cs" line-rate="1" branch-rate="1" complexity="1">
          <methods>
            <method name="Main" signature="()" line-rate="1" branch-rate="1" complexity="1">
              <lines>
                <line number="8" hits="1" branch="false" />
                <line number="9" hits="1" branch="false" />
                <line number="12" hits="1" branch="false" />
                <line number="15" hits="1" branch="false" />
                <line number="16" hits="1" branch="false" />
              </lines>
            </method>
          </methods>
          <lines>
            <line number="8" hits="1" branch="false" />
            <line number="9" hits="1" branch="false" />
            <line number="12" hits="1" branch="false" />
            <line number="15" hits="1" branch="false" />
            <line number="16" hits="1" branch="false" />
          </lines>
        </class>
      </classes>
    </package>
    <package name="GestformUnitTests" line-rate="0.9836065573770492" branch-rate="0.75" complexity="18">
      <classes>
        <class name="AutoGeneratedProgram" filename="C:\Users\MoezBJ\.nuget\packages\microsoft.net.test.sdk\16.7.1\build\netcoreapp2.1\Microsoft.NET.Test.Sdk.Program.cs" line-rate="0" branch-rate="1" complexity="1">
          <methods>
            <method name="Main" signature="(...)" line-rate="0" branch-rate="1" complexity="1">
              <lines>
                <line number="4" hits="0" branch="false" />
              </lines>
            </method>
          </methods>
          <lines>
            <line number="4" hits="0" branch="false" />
          </lines>
        </class>
        <class name="GestformUnitTests.GestFormHandlerTests" filename="D:\Moez\LaFrance\Akka\TestTechnique\GestformUnitTests\GestFormHandlerTests.cs" line-rate="1" branch-rate="1" complexity="4">
          <methods>
            <method name="GestFormDisplay_WhenIntegersIsNull_ThenWriteNothing" signature="()" line-rate="1" branch-rate="1" complexity="1">
              <lines>
                <line number="16" hits="1" branch="false" />
                <line number="18" hits="1" branch="false" />
                <line number="20" hits="1" branch="false" />
                <line number="21" hits="1" branch="false" />
                <line number="24" hits="1" branch="false" />
                <line number="27" hits="1" branch="false" />
                <line number="28" hits="1" branch="false" />
              </lines>
            </method>
            <method name="GestFormDisplay_WhenIntegersIsEmpty_ThenWriteNothing" signature="()" line-rate="1" branch-rate="1" complexity="1">
              <lines>
                <line number="32" hits="1" branch="false" />
                <line number="34" hits="1" branch="false" />
                <line number="36" hits="1" branch="false" />
                <line number="37" hits="1" branch="false" />
                <line number="40" hits="1" branch="false" />
                <line number="43" hits="1" branch="false" />
                <line number="44" hits="1" branch="false" />
              </lines>
            </method>
            <method name="GestFormDisplay_WhenIntegersHasvalues_Nominal" signature="()" line-rate="1" branch-rate="1" complexity="1">
              <lines>
                <line number="48" hits="1" branch="false" />
                <line number="50" hits="1" branch="false" />
                <line number="52" hits="1" branch="false" />
                <line number="53" hits="1" branch="false" />
                <line number="56" hits="1" branch="false" />
                <line number="59" hits="1" branch="false" />
                <line number="60" hits="1" branch="false" />
                <line number="61" hits="1" branch="false" />
                <line number="63" hits="1" branch="false" />
                <line number="64" hits="1" branch="false" />
                <line number="66" hits="1" branch="false" />
                <line number="67" hits="1" branch="false" />
                <line number="68" hits="1" branch="false" />
                <line number="69" hits="1" branch="false" />
                <line number="70" hits="1" branch="false" />
              </lines>
            </method>
            <method name=".ctor" signature="()" line-rate="1" branch-rate="1" complexity="1">
              <lines>
                <line number="12" hits="3" branch="false" />
              </lines>
            </method>
          </methods>
          <lines>
            <line number="12" hits="3" branch="false" />
            <line number="16" hits="1" branch="false" />
            <line number="18" hits="1" branch="false" />
            <line number="20" hits="1" branch="false" />
            <line number="21" hits="1" branch="false" />
            <line number="24" hits="1" branch="false" />
            <line number="27" hits="1" branch="false" />
            <line number="28" hits="1" branch="false" />
            <line number="32" hits="1" branch="false" />
            <line number="34" hits="1" branch="false" />
            <line number="36" hits="1" branch="false" />
            <line number="37" hits="1" branch="false" />
            <line number="40" hits="1" branch="false" />
            <line number="43" hits="1" branch="false" />
            <line number="44" hits="1" branch="false" />
            <line number="48" hits="1" branch="false" />
            <line number="50" hits="1" branch="false" />
            <line number="52" hits="1" branch="false" />
            <line number="53" hits="1" branch="false" />
            <line number="56" hits="1" branch="false" />
            <line number="59" hits="1" branch="false" />
            <line number="60" hits="1" branch="false" />
            <line number="61" hits="1" branch="false" />
            <line number="63" hits="1" branch="false" />
            <line number="64" hits="1" branch="false" />
            <line number="66" hits="1" branch="false" />
            <line number="67" hits="1" branch="false" />
            <line number="68" hits="1" branch="false" />
            <line number="69" hits="1" branch="false" />
            <line number="70" hits="1" branch="false" />
          </lines>
        </class>
        <class name="GestformUnitTests.GestFormHelperTests" filename="D:\Moez\LaFrance\Akka\TestTechnique\GestformUnitTests\GestFormHelperTests.cs" line-rate="1" branch-rate="0.5" complexity="2">
          <methods>
            <method name="CreateRandomIntegerListTest" signature="()" line-rate="1" branch-rate="0.5" complexity="2">
              <lines>
                <line number="12" hits="1" branch="false" />
                <line number="14" hits="1" branch="false" />
                <line number="17" hits="1" branch="false" />
                <line number="18" hits="1" branch="false" />
                <line number="19" hits="21" branch="true" condition-coverage="50% (1/2)" />
                <line number="20" hits="1" branch="false" />
              </lines>
            </method>
          </methods>
          <lines>
            <line number="12" hits="1" branch="false" />
            <line number="14" hits="1" branch="false" />
            <line number="17" hits="1" branch="false" />
            <line number="18" hits="1" branch="false" />
            <line number="19" hits="21" branch="true" condition-coverage="50% (1/2)" />
            <line number="20" hits="1" branch="false" />
          </lines>
        </class>
        <class name="GestformUnitTests.MainProgramTests" filename="D:\Moez\LaFrance\Akka\TestTechnique\GestformUnitTests\MainProgramTests.cs" line-rate="1" branch-rate="1" complexity="1">
          <methods>
            <method name="MainTest" signature="()" line-rate="1" branch-rate="1" complexity="1">
              <lines>
                <line number="13" hits="1" branch="false" />
                <line number="15" hits="1" branch="false" />
                <line number="16" hits="1" branch="false" />
                <line number="19" hits="1" branch="false" />
                <line number="22" hits="1" branch="false" />
                <line number="23" hits="1" branch="false" />
                <line number="24" hits="1" branch="false" />
                <line number="26" hits="1" branch="false" />
                <line number="27" hits="1" branch="false" />
                <line number="28" hits="21" branch="false" />
                <line number="29" hits="21" branch="false" />
                <line number="30" hits="1" branch="false" />
              </lines>
            </method>
          </methods>
          <lines>
            <line number="13" hits="1" branch="false" />
            <line number="15" hits="1" branch="false" />
            <line number="16" hits="1" branch="false" />
            <line number="19" hits="1" branch="false" />
            <line number="22" hits="1" branch="false" />
            <line number="23" hits="1" branch="false" />
            <line number="24" hits="1" branch="false" />
            <line number="26" hits="1" branch="false" />
            <line number="27" hits="1" branch="false" />
            <line number="28" hits="21" branch="false" />
            <line number="29" hits="21" branch="false" />
            <line number="30" hits="1" branch="false" />
          </lines>
        </class>
        <class name="GestformUnitTests.TestHelper" filename="D:\Moez\LaFrance\Akka\TestTechnique\GestformUnitTests\TestHelper.cs" line-rate="1" branch-rate="0.8" complexity="10">
          <methods>
            <method name="IsValueValid" signature="(...)" line-rate="1" branch-rate="1" complexity="2">
              <lines>
                <line number="13" hits="20" branch="false" />
                <line number="14" hits="20" branch="true" condition-coverage="100% (2/2)" />
                <line number="15" hits="20" branch="false" />
              </lines>
            </method>
            <method name="IsValueInGestFormFormat" signature="(...)" line-rate="1" branch-rate="1" complexity="4">
              <lines>
                <line number="22" hits="20" branch="false" />
                <line number="23" hits="20" branch="true" condition-coverage="100% (4/4)" />
                <line number="24" hits="20" branch="false" />
                <line number="25" hits="20" branch="false" />
                <line number="26" hits="20" branch="false" />
              </lines>
            </method>
            <method name="IsValidInteger" signature="(...)" line-rate="1" branch-rate="0.5" complexity="4">
              <lines>
                <line number="34" hits="8" branch="false" />
                <line number="35" hits="8" branch="false" />
                <line number="36" hits="8" branch="true" condition-coverage="50% (2/4)" />
                <line number="37" hits="8" branch="false" />
              </lines>
            </method>
          </methods>
          <lines>
            <line number="13" hits="20" branch="false" />
            <line number="14" hits="20" branch="true" condition-coverage="100% (2/2)" />
            <line number="15" hits="20" branch="false" />
            <line number="22" hits="20" branch="false" />
            <line number="23" hits="20" branch="true" condition-coverage="100% (4/4)" />
            <line number="24" hits="20" branch="false" />
            <line number="25" hits="20" branch="false" />
            <line number="26" hits="20" branch="false" />
            <line number="34" hits="8" branch="false" />
            <line number="35" hits="8" branch="false" />
            <line number="36" hits="8" branch="true" condition-coverage="50% (2/4)" />
            <line number="37" hits="8" branch="false" />
          </lines>
        </class>
      </classes>
    </package>
  </packages>
</coverage>