TpTrace Verbose: 0 : 21496, 1, 2022/06/15, 19:20:45.914, 265086087478, vstest.console.dll, Version: 16.8.3
TpTrace Information: 0 : 21496, 1, 2022/06/15, 19:20:45.925, 265086167673, vstest.console.dll, FilePatternParser: The given file D:\Moez\LaFrance\Akka\TestTechnique\GestformUnitTests\bin\Debug\netcoreapp3.1\fine-code-coverage\build-output\GestformUnitTests.dll is a full path.
TpTrace Verbose: 0 : 21496, 1, 2022/06/15, 19:20:45.931, 265086231508, vstest.console.dll, TestPluginCache.DiscoverTestExtensions: finding test extensions in assemblies ends with: RuntimeProvider.dll TPluginInfo: Microsoft.VisualStudio.TestPlatform.Common.ExtensionFramework.Utilities.TestRuntimePluginInformation TExtension: Microsoft.VisualStudio.TestPlatform.ObjectModel.Host.ITestRuntimeProvider
TpTrace Verbose: 0 : 21496, 1, 2022/06/15, 19:20:45.933, 265086243438, vstest.console.dll, TestPluginCache.GetExtensionPaths: Filtered extension paths: 
TpTrace Verbose: 0 : 21496, 1, 2022/06/15, 19:20:45.933, 265086244707, vstest.console.dll, TestPluginCache.GetExtensionPaths: Added default extension paths: C:\Program Files\dotnet\sdk\5.0.102\Extensions\Microsoft.Diagnostics.NETCore.Client.dll
C:\Program Files\dotnet\sdk\5.0.102\Extensions\Microsoft.TestPlatform.Extensions.BlameDataCollector.dll
C:\Program Files\dotnet\sdk\5.0.102\Extensions\Microsoft.TestPlatform.Extensions.EventLogCollector.dll
C:\Program Files\dotnet\sdk\5.0.102\Extensions\Microsoft.TestPlatform.TestHostRuntimeProvider.dll
C:\Program Files\dotnet\sdk\5.0.102\Extensions\Microsoft.VisualStudio.TestPlatform.Extensions.Html.TestLogger.dll
C:\Program Files\dotnet\sdk\5.0.102\Extensions\Microsoft.VisualStudio.TestPlatform.Extensions.Trx.TestLogger.dll
TpTrace Verbose: 0 : 21496, 1, 2022/06/15, 19:20:45.933, 265086245308, vstest.console.dll, TestPluginCache.GetExtensionPaths: Added unfilterableExtensionPaths: 
TpTrace Information: 0 : 21496, 1, 2022/06/15, 19:20:45.934, 265086253754, vstest.console.dll, AssemblyResolver.ctor: Creating AssemblyResolver with searchDirectories C:\Program Files\dotnet\sdk\5.0.102\Extensions,C:\Program Files\dotnet\sdk\5.0.102
TpTrace Verbose: 0 : 21496, 1, 2022/06/15, 19:20:45.935, 265086263626, vstest.console.dll, TestPluginCache.DiscoverTestExtensions: Discovering the extensions using extension path.
TpTrace Verbose: 0 : 21496, 1, 2022/06/15, 19:20:45.935, 265086265099, vstest.console.dll, TestPluginCache.GetExtensionPaths: Filtered extension paths: 
TpTrace Verbose: 0 : 21496, 1, 2022/06/15, 19:20:45.935, 265086265748, vstest.console.dll, TestPluginCache.GetExtensionPaths: Added default extension paths: C:\Program Files\dotnet\sdk\5.0.102\Extensions\Microsoft.Diagnostics.NETCore.Client.dll
C:\Program Files\dotnet\sdk\5.0.102\Extensions\Microsoft.TestPlatform.Extensions.BlameDataCollector.dll
C:\Program Files\dotnet\sdk\5.0.102\Extensions\Microsoft.TestPlatform.Extensions.EventLogCollector.dll
C:\Program Files\dotnet\sdk\5.0.102\Extensions\Microsoft.TestPlatform.TestHostRuntimeProvider.dll
C:\Program Files\dotnet\sdk\5.0.102\Extensions\Microsoft.VisualStudio.TestPlatform.Extensions.Html.TestLogger.dll
C:\Program Files\dotnet\sdk\5.0.102\Extensions\Microsoft.VisualStudio.TestPlatform.Extensions.Trx.TestLogger.dll
TpTrace Verbose: 0 : 21496, 1, 2022/06/15, 19:20:45.935, 265086266301, vstest.console.dll, TestPluginCache.GetExtensionPaths: Added unfilterableExtensionPaths: 
TpTrace Verbose: 0 : 21496, 1, 2022/06/15, 19:20:45.935, 265086267259, vstest.console.dll, TestPluginCache.DiscoverTestExtensions: Discovering the extensions using allExtensionPaths: C:\Program Files\dotnet\sdk\5.0.102\Extensions\Microsoft.Diagnostics.NETCore.Client.dll
C:\Program Files\dotnet\sdk\5.0.102\Extensions\Microsoft.TestPlatform.Extensions.BlameDataCollector.dll
C:\Program Files\dotnet\sdk\5.0.102\Extensions\Microsoft.TestPlatform.Extensions.EventLogCollector.dll
C:\Program Files\dotnet\sdk\5.0.102\Extensions\Microsoft.TestPlatform.TestHostRuntimeProvider.dll
C:\Program Files\dotnet\sdk\5.0.102\Extensions\Microsoft.VisualStudio.TestPlatform.Extensions.Html.TestLogger.dll
C:\Program Files\dotnet\sdk\5.0.102\Extensions\Microsoft.VisualStudio.TestPlatform.Extensions.Trx.TestLogger.dll
TpTrace Information: 0 : 21496, 1, 2022/06/15, 19:20:45.935, 265086269014, vstest.console.dll, AssemblyResolver.AddSearchDirectories: Adding more searchDirectories C:\Program Files\dotnet\sdk\5.0.102\Extensions,C:\Program Files\dotnet\sdk\5.0.102
TpTrace Information: 0 : 21496, 1, 2022/06/15, 19:20:45.935, 265086269922, vstest.console.dll, AssemblyResolver.AddSearchDirectories: Adding more searchDirectories C:\Program Files\dotnet\sdk\5.0.102\Extensions,C:\Program Files\dotnet\sdk\5.0.102
TpTrace Information: 0 : 21496, 1, 2022/06/15, 19:20:45.935, 265086270542, vstest.console.dll, AssemblyResolver.AddSearchDirectories: Adding more searchDirectories C:\Program Files\dotnet\sdk\5.0.102\Extensions,C:\Program Files\dotnet\sdk\5.0.102
TpTrace Information: 0 : 21496, 1, 2022/06/15, 19:20:45.935, 265086271115, vstest.console.dll, AssemblyResolver.AddSearchDirectories: Adding more searchDirectories C:\Program Files\dotnet\sdk\5.0.102\Extensions,C:\Program Files\dotnet\sdk\5.0.102
TpTrace Information: 0 : 21496, 1, 2022/06/15, 19:20:45.935, 265086271640, vstest.console.dll, AssemblyResolver.AddSearchDirectories: Adding more searchDirectories C:\Program Files\dotnet\sdk\5.0.102\Extensions,C:\Program Files\dotnet\sdk\5.0.102
TpTrace Information: 0 : 21496, 1, 2022/06/15, 19:20:45.935, 265086272149, vstest.console.dll, AssemblyResolver.AddSearchDirectories: Adding more searchDirectories C:\Program Files\dotnet\sdk\5.0.102\Extensions,C:\Program Files\dotnet\sdk\5.0.102
TpTrace Information: 0 : 21496, 1, 2022/06/15, 19:20:45.936, 265086275801, vstest.console.dll, AssemblyResolver.OnResolve: Microsoft.Diagnostics.NETCore.Client: Resolving assembly.
TpTrace Information: 0 : 21496, 1, 2022/06/15, 19:20:45.937, 265086285009, vstest.console.dll, AssemblyResolver.OnResolve: Resolved assembly: Microsoft.Diagnostics.NETCore.Client, from path: C:\Program Files\dotnet\sdk\5.0.102\Extensions\Microsoft.Diagnostics.NETCore.Client.dll
TpTrace Information: 0 : 21496, 1, 2022/06/15, 19:20:45.939, 265086307047, vstest.console.dll, AssemblyResolver.OnResolve: Microsoft.Bcl.AsyncInterfaces: Resolving assembly.
TpTrace Information: 0 : 21496, 1, 2022/06/15, 19:20:45.939, 265086310568, vstest.console.dll, AssemblyResolver.OnResolve: Microsoft.Bcl.AsyncInterfaces: Failed to load assembly.
TpTrace Verbose: 0 : 21496, 1, 2022/06/15, 19:20:45.939, 265086311496, vstest.console.dll, CurrentDomain_AssemblyResolve: Resolving assembly 'Microsoft.Bcl.AsyncInterfaces'.
TpTrace Information: 0 : 21496, 1, 2022/06/15, 19:20:45.940, 265086312764, vstest.console.dll, AssemblyResolver.OnResolve: Microsoft.Bcl.AsyncInterfaces: Resolving assembly.
TpTrace Information: 0 : 21496, 1, 2022/06/15, 19:20:45.940, 265086313505, vstest.console.dll, AssemblyResolver.OnResolve: Microsoft.Bcl.AsyncInterfaces: Resolved from cache.
TpTrace Verbose: 0 : 21496, 1, 2022/06/15, 19:20:45.940, 265086314235, vstest.console.dll, CurrentDomain_AssemblyResolve: Resolving assembly 'Microsoft.Bcl.AsyncInterfaces'.
TpTrace Verbose: 0 : 21496, 1, 2022/06/15, 19:20:45.940, 265086314875, vstest.console.dll, CurrentDomainAssemblyResolve: Failed to resolve assembly 'Microsoft.Bcl.AsyncInterfaces'.
TpTrace Verbose: 0 : 21496, 1, 2022/06/15, 19:20:45.941, 265086324471, vstest.console.dll, CurrentDomainAssemblyResolve: Failed to resolve assembly 'Microsoft.Bcl.AsyncInterfaces'.
TpTrace Warning: 0 : 21496, 1, 2022/06/15, 19:20:45.953, 265086451171, vstest.console.dll, TestPluginDiscoverer: Failed to get types from assembly 'Microsoft.Diagnostics.NETCore.Client, Version=0.2.2.41902, Culture=neutral, PublicKeyToken=31bf3856ad364e35'.  Skipping test extension scan for this assembly.  Error: System.Reflection.ReflectionTypeLoadException: Unable to load one or more of the requested types.
Could not load file or assembly 'Microsoft.Bcl.AsyncInterfaces, Version=1.0.0.0, Culture=neutral, PublicKeyToken=cc7b13ffcd2ddd51'. The system cannot find the file specified.
   at System.Reflection.RuntimeModule.GetTypes(RuntimeModule module)
   at System.Reflection.RuntimeModule.GetTypes()
   at System.Reflection.Assembly.GetTypes()
   at Microsoft.VisualStudio.TestPlatform.Common.ExtensionFramework.TestPluginDiscoverer.GetTestExtensionsFromAssembly[TPluginInfo,TExtension](Assembly assembly, Dictionary`2 pluginInfos)
System.IO.FileNotFoundException: Could not load file or assembly 'Microsoft.Bcl.AsyncInterfaces, Version=1.0.0.0, Culture=neutral, PublicKeyToken=cc7b13ffcd2ddd51'. The system cannot find the file specified.
File name: 'Microsoft.Bcl.AsyncInterfaces, Version=1.0.0.0, Culture=neutral, PublicKeyToken=cc7b13ffcd2ddd51'
TpTrace Warning: 0 : 21496, 1, 2022/06/15, 19:20:45.954, 265086453239, vstest.console.dll, LoaderExceptions: System.IO.FileNotFoundException: Could not load file or assembly 'Microsoft.Bcl.AsyncInterfaces, Version=1.0.0.0, Culture=neutral, PublicKeyToken=cc7b13ffcd2ddd51'. The system cannot find the file specified.
File name: 'Microsoft.Bcl.AsyncInterfaces, Version=1.0.0.0, Culture=neutral, PublicKeyToken=cc7b13ffcd2ddd51'
TpTrace Information: 0 : 21496, 1, 2022/06/15, 19:20:45.954, 265086454708, vstest.console.dll, AssemblyResolver.OnResolve: Microsoft.TestPlatform.Extensions.BlameDataCollector: Resolving assembly.
TpTrace Information: 0 : 21496, 1, 2022/06/15, 19:20:45.954, 265086461940, vstest.console.dll, AssemblyResolver.OnResolve: Resolved assembly: Microsoft.TestPlatform.Extensions.BlameDataCollector, from path: C:\Program Files\dotnet\sdk\5.0.102\Extensions\Microsoft.TestPlatform.Extensions.BlameDataCollector.dll
TpTrace Information: 0 : 21496, 1, 2022/06/15, 19:20:45.955, 265086468278, vstest.console.dll, AssemblyResolver.OnResolve: Microsoft.TestPlatform.Extensions.EventLogCollector: Resolving assembly.
TpTrace Information: 0 : 21496, 1, 2022/06/15, 19:20:45.956, 265086475531, vstest.console.dll, AssemblyResolver.OnResolve: Resolved assembly: Microsoft.TestPlatform.Extensions.EventLogCollector, from path: C:\Program Files\dotnet\sdk\5.0.102\Extensions\Microsoft.TestPlatform.Extensions.EventLogCollector.dll
TpTrace Information: 0 : 21496, 1, 2022/06/15, 19:20:45.957, 265086489674, vstest.console.dll, AssemblyResolver.OnResolve: Microsoft.TestPlatform.TestHostRuntimeProvider: Resolving assembly.
TpTrace Information: 0 : 21496, 1, 2022/06/15, 19:20:45.958, 265086495869, vstest.console.dll, AssemblyResolver.OnResolve: Resolved assembly: Microsoft.TestPlatform.TestHostRuntimeProvider, from path: C:\Program Files\dotnet\sdk\5.0.102\Extensions\Microsoft.TestPlatform.TestHostRuntimeProvider.dll
TpTrace Information: 0 : 21496, 1, 2022/06/15, 19:20:45.959, 265086509356, vstest.console.dll, AssemblyResolver.OnResolve: Microsoft.VisualStudio.TestPlatform.Extensions.Html.TestLogger: Resolving assembly.
TpTrace Information: 0 : 21496, 1, 2022/06/15, 19:20:45.960, 265086516487, vstest.console.dll, AssemblyResolver.OnResolve: Resolved assembly: Microsoft.VisualStudio.TestPlatform.Extensions.Html.TestLogger, from path: C:\Program Files\dotnet\sdk\5.0.102\Extensions\Microsoft.VisualStudio.TestPlatform.Extensions.Html.TestLogger.dll
TpTrace Information: 0 : 21496, 1, 2022/06/15, 19:20:45.960, 265086519323, vstest.console.dll, AssemblyResolver.OnResolve: Microsoft.VisualStudio.TestPlatform.Extensions.Trx.TestLogger: Resolving assembly.
TpTrace Information: 0 : 21496, 1, 2022/06/15, 19:20:45.961, 265086525871, vstest.console.dll, AssemblyResolver.OnResolve: Resolved assembly: Microsoft.VisualStudio.TestPlatform.Extensions.Trx.TestLogger, from path: C:\Program Files\dotnet\sdk\5.0.102\Extensions\Microsoft.VisualStudio.TestPlatform.Extensions.Trx.TestLogger.dll
TpTrace Verbose: 0 : 21496, 1, 2022/06/15, 19:20:45.962, 265086537989, vstest.console.dll, TestPluginCache: Discovered the extensions using extension path ''.
TpTrace Verbose: 0 : 21496, 1, 2022/06/15, 19:20:45.962, 265086539066, vstest.console.dll, TestPluginCache: Discoverers are ''.
TpTrace Verbose: 0 : 21496, 1, 2022/06/15, 19:20:45.962, 265086539644, vstest.console.dll, TestPluginCache: Executors are ''.
TpTrace Verbose: 0 : 21496, 1, 2022/06/15, 19:20:45.962, 265086540475, vstest.console.dll, TestPluginCache: Executors2 are ''.
TpTrace Verbose: 0 : 21496, 1, 2022/06/15, 19:20:45.962, 265086541170, vstest.console.dll, TestPluginCache: Setting providers are ''.
TpTrace Verbose: 0 : 21496, 1, 2022/06/15, 19:20:45.962, 265086541693, vstest.console.dll, TestPluginCache: Loggers are ''.
TpTrace Information: 0 : 21496, 1, 2022/06/15, 19:20:45.966, 265086580818, vstest.console.dll, RunTestsArgumentProcessor:Execute: Test run is starting.
TpTrace Verbose: 0 : 21496, 1, 2022/06/15, 19:20:45.966, 265086582211, vstest.console.dll, RunTestsArgumentProcessor:Execute: Queuing Test run.
TpTrace Information: 0 : 21496, 1, 2022/06/15, 19:20:45.967, 265086585497, vstest.console.dll, TestRequestManager.RunTests: run tests started.
TpTrace Information: 0 : 21496, 1, 2022/06/15, 19:20:45.977, 265086688891, vstest.console.dll, AssemblyMetadataProvider.GetFrameWork: Determined framework:'.NETCoreApp,Version=v3.1' for source: 'D:\Moez\LaFrance\Akka\TestTechnique\GestformUnitTests\bin\Debug\netcoreapp3.1\fine-code-coverage\build-output\GestformUnitTests.dll'
TpTrace Information: 0 : 21496, 1, 2022/06/15, 19:20:45.977, 265086690745, vstest.console.dll, Determined framework for all sources: .NETCoreApp,Version=v3.1
TpTrace Information: 0 : 21496, 1, 2022/06/15, 19:20:45.978, 265086695653, vstest.console.dll, AssemblyMetadataProvider.GetArchitecture: Determined architecture:AnyCPU info for assembly: D:\Moez\LaFrance\Akka\TestTechnique\GestformUnitTests\bin\Debug\netcoreapp3.1\fine-code-coverage\build-output\GestformUnitTests.dll
TpTrace Information: 0 : 21496, 1, 2022/06/15, 19:20:45.980, 265086713093, vstest.console.dll, Determined platform for all sources: X64
TpTrace Information: 0 : 21496, 1, 2022/06/15, 19:20:45.982, 265086734567, vstest.console.dll, Compatible sources list : 
TpTrace Information: 0 : 21496, 1, 2022/06/15, 19:20:45.982, 265086735919, vstest.console.dll, D:\Moez\LaFrance\Akka\TestTechnique\GestformUnitTests\bin\Debug\netcoreapp3.1\fine-code-coverage\build-output\GestformUnitTests.dll
TpTrace Information: 0 : 21496, 1, 2022/06/15, 19:20:45.984, 265086758556, vstest.console.dll, InferRunSettingsHelper.IsTestSettingsEnabled: Unable to navigate to RunSettings/MSTest. Current node: RunSettings
TpTrace Information: 0 : 21496, 1, 2022/06/15, 19:20:45.985, 265086765751, vstest.console.dll, AssemblyResolver.OnResolve: Microsoft.VisualStudio.TestPlatform.Fakes: Resolving assembly.
TpTrace Information: 0 : 21496, 1, 2022/06/15, 19:20:45.985, 265086768989, vstest.console.dll, AssemblyResolver.OnResolve: Microsoft.VisualStudio.TestPlatform.Fakes: Failed to load assembly.
TpTrace Information: 0 : 21496, 1, 2022/06/15, 19:20:45.986, 265086772608, vstest.console.dll, Failed to create newly implemented Fakes Configurator. Reason:System.IO.FileNotFoundException: Could not load file or assembly 'Microsoft.VisualStudio.TestPlatform.Fakes, Version=16.0.0.0, Culture=neutral, PublicKeyToken=null'. The system cannot find the file specified.
File name: 'Microsoft.VisualStudio.TestPlatform.Fakes, Version=16.0.0.0, Culture=neutral, PublicKeyToken=null'
   at System.Reflection.RuntimeAssembly.InternalLoad(ObjectHandleOnStack assemblyName, ObjectHandleOnStack requestingAssembly, StackCrawlMarkHandle stackMark, Boolean throwOnFileNotFound, ObjectHandleOnStack assemblyLoadContext, ObjectHandleOnStack retAssembly)
   at System.Reflection.RuntimeAssembly.InternalLoad(AssemblyName assemblyName, RuntimeAssembly requestingAssembly, StackCrawlMark& stackMark, Boolean throwOnFileNotFound, AssemblyLoadContext assemblyLoadContext)
   at System.Reflection.Assembly.Load(String assemblyString)
   at Microsoft.VisualStudio.TestPlatform.Common.Utilities.FakesUtilities.TryGetFakesCrossPlatformDataCollectorConfigurator() 
TpTrace Verbose: 0 : 21496, 1, 2022/06/15, 19:20:45.989, 265086810469, vstest.console.dll, TestPluginCache.DiscoverTestExtensions: finding test extensions in assemblies ends with: TestLogger.dll TPluginInfo: Microsoft.VisualStudio.TestPlatform.Common.ExtensionFramework.Utilities.TestLoggerPluginInformation TExtension: Microsoft.VisualStudio.TestPlatform.ObjectModel.Client.ITestLogger
TpTrace Verbose: 0 : 21496, 1, 2022/06/15, 19:20:45.990, 265086812450, vstest.console.dll, TestPluginCache.GetExtensionPaths: Filtered extension paths: 
TpTrace Verbose: 0 : 21496, 1, 2022/06/15, 19:20:45.990, 265086813280, vstest.console.dll, TestPluginCache.GetExtensionPaths: Added default extension paths: C:\Program Files\dotnet\sdk\5.0.102\Extensions\Microsoft.Diagnostics.NETCore.Client.dll
C:\Program Files\dotnet\sdk\5.0.102\Extensions\Microsoft.TestPlatform.Extensions.BlameDataCollector.dll
C:\Program Files\dotnet\sdk\5.0.102\Extensions\Microsoft.TestPlatform.Extensions.EventLogCollector.dll
C:\Program Files\dotnet\sdk\5.0.102\Extensions\Microsoft.TestPlatform.TestHostRuntimeProvider.dll
C:\Program Files\dotnet\sdk\5.0.102\Extensions\Microsoft.VisualStudio.TestPlatform.Extensions.Html.TestLogger.dll
C:\Program Files\dotnet\sdk\5.0.102\Extensions\Microsoft.VisualStudio.TestPlatform.Extensions.Trx.TestLogger.dll
TpTrace Verbose: 0 : 21496, 1, 2022/06/15, 19:20:45.990, 265086813930, vstest.console.dll, TestPluginCache.GetExtensionPaths: Added unfilterableExtensionPaths: 
TpTrace Information: 0 : 21496, 1, 2022/06/15, 19:20:45.990, 265086816840, vstest.console.dll, AssemblyResolver.AddSearchDirectories: Adding more searchDirectories C:\Program Files\dotnet\sdk\5.0.102\Extensions,C:\Program Files\dotnet\sdk\5.0.102
TpTrace Verbose: 0 : 21496, 1, 2022/06/15, 19:20:45.990, 265086818161, vstest.console.dll, TestPluginCache.DiscoverTestExtensions: Discovering the extensions using extension path.
TpTrace Verbose: 0 : 21496, 1, 2022/06/15, 19:20:45.990, 265086819130, vstest.console.dll, TestPluginCache.GetExtensionPaths: Filtered extension paths: 
TpTrace Verbose: 0 : 21496, 1, 2022/06/15, 19:20:45.990, 265086820101, vstest.console.dll, TestPluginCache.GetExtensionPaths: Added default extension paths: C:\Program Files\dotnet\sdk\5.0.102\Extensions\Microsoft.Diagnostics.NETCore.Client.dll
C:\Program Files\dotnet\sdk\5.0.102\Extensions\Microsoft.TestPlatform.Extensions.BlameDataCollector.dll
C:\Program Files\dotnet\sdk\5.0.102\Extensions\Microsoft.TestPlatform.Extensions.EventLogCollector.dll
C:\Program Files\dotnet\sdk\5.0.102\Extensions\Microsoft.TestPlatform.TestHostRuntimeProvider.dll
C:\Program Files\dotnet\sdk\5.0.102\Extensions\Microsoft.VisualStudio.TestPlatform.Extensions.Html.TestLogger.dll
C:\Program Files\dotnet\sdk\5.0.102\Extensions\Microsoft.VisualStudio.TestPlatform.Extensions.Trx.TestLogger.dll
TpTrace Verbose: 0 : 21496, 1, 2022/06/15, 19:20:45.990, 265086820967, vstest.console.dll, TestPluginCache.GetExtensionPaths: Added unfilterableExtensionPaths: 
TpTrace Verbose: 0 : 21496, 1, 2022/06/15, 19:20:45.990, 265086822099, vstest.console.dll, TestPluginCache.DiscoverTestExtensions: Discovering the extensions using allExtensionPaths: C:\Program Files\dotnet\sdk\5.0.102\Extensions\Microsoft.Diagnostics.NETCore.Client.dll
C:\Program Files\dotnet\sdk\5.0.102\Extensions\Microsoft.TestPlatform.Extensions.BlameDataCollector.dll
C:\Program Files\dotnet\sdk\5.0.102\Extensions\Microsoft.TestPlatform.Extensions.EventLogCollector.dll
C:\Program Files\dotnet\sdk\5.0.102\Extensions\Microsoft.TestPlatform.TestHostRuntimeProvider.dll
C:\Program Files\dotnet\sdk\5.0.102\Extensions\Microsoft.VisualStudio.TestPlatform.Extensions.Html.TestLogger.dll
C:\Program Files\dotnet\sdk\5.0.102\Extensions\Microsoft.VisualStudio.TestPlatform.Extensions.Trx.TestLogger.dll
TpTrace Information: 0 : 21496, 1, 2022/06/15, 19:20:45.991, 265086822996, vstest.console.dll, AssemblyResolver.AddSearchDirectories: Adding more searchDirectories C:\Program Files\dotnet\sdk\5.0.102\Extensions,C:\Program Files\dotnet\sdk\5.0.102
TpTrace Information: 0 : 21496, 1, 2022/06/15, 19:20:45.991, 265086823635, vstest.console.dll, AssemblyResolver.AddSearchDirectories: Adding more searchDirectories C:\Program Files\dotnet\sdk\5.0.102\Extensions,C:\Program Files\dotnet\sdk\5.0.102
TpTrace Information: 0 : 21496, 1, 2022/06/15, 19:20:45.991, 265086824516, vstest.console.dll, AssemblyResolver.AddSearchDirectories: Adding more searchDirectories C:\Program Files\dotnet\sdk\5.0.102\Extensions,C:\Program Files\dotnet\sdk\5.0.102
TpTrace Information: 0 : 21496, 1, 2022/06/15, 19:20:45.991, 265086825931, vstest.console.dll, AssemblyResolver.AddSearchDirectories: Adding more searchDirectories C:\Program Files\dotnet\sdk\5.0.102\Extensions,C:\Program Files\dotnet\sdk\5.0.102
TpTrace Information: 0 : 21496, 1, 2022/06/15, 19:20:45.991, 265086826439, vstest.console.dll, AssemblyResolver.AddSearchDirectories: Adding more searchDirectories C:\Program Files\dotnet\sdk\5.0.102\Extensions,C:\Program Files\dotnet\sdk\5.0.102
TpTrace Information: 0 : 21496, 1, 2022/06/15, 19:20:45.991, 265086827670, vstest.console.dll, AssemblyResolver.AddSearchDirectories: Adding more searchDirectories C:\Program Files\dotnet\sdk\5.0.102\Extensions,C:\Program Files\dotnet\sdk\5.0.102
TpTrace Information: 0 : 21496, 1, 2022/06/15, 19:20:45.991, 265086830736, vstest.console.dll, AssemblyResolver.OnResolve: Microsoft.Bcl.AsyncInterfaces: Resolving assembly.
TpTrace Information: 0 : 21496, 1, 2022/06/15, 19:20:45.991, 265086831268, vstest.console.dll, AssemblyResolver.OnResolve: Microsoft.Bcl.AsyncInterfaces: Resolved from cache.
TpTrace Verbose: 0 : 21496, 1, 2022/06/15, 19:20:45.991, 265086832313, vstest.console.dll, CurrentDomain_AssemblyResolve: Resolving assembly 'Microsoft.Bcl.AsyncInterfaces'.
TpTrace Information: 0 : 21496, 1, 2022/06/15, 19:20:45.992, 265086833311, vstest.console.dll, AssemblyResolver.OnResolve: Microsoft.Bcl.AsyncInterfaces: Resolving assembly.
TpTrace Information: 0 : 21496, 1, 2022/06/15, 19:20:45.992, 265086834078, vstest.console.dll, AssemblyResolver.OnResolve: Microsoft.Bcl.AsyncInterfaces: Resolved from cache.
TpTrace Verbose: 0 : 21496, 1, 2022/06/15, 19:20:45.992, 265086834913, vstest.console.dll, CurrentDomain_AssemblyResolve: Resolving assembly 'Microsoft.Bcl.AsyncInterfaces'.
TpTrace Verbose: 0 : 21496, 1, 2022/06/15, 19:20:45.992, 265086835610, vstest.console.dll, CurrentDomainAssemblyResolve: Failed to resolve assembly 'Microsoft.Bcl.AsyncInterfaces'.
TpTrace Verbose: 0 : 21496, 1, 2022/06/15, 19:20:45.992, 265086837578, vstest.console.dll, CurrentDomainAssemblyResolve: Failed to resolve assembly 'Microsoft.Bcl.AsyncInterfaces'.
TpTrace Warning: 0 : 21496, 1, 2022/06/15, 19:20:45.992, 265086840727, vstest.console.dll, TestPluginDiscoverer: Failed to get types from assembly 'Microsoft.Diagnostics.NETCore.Client, Version=0.2.2.41902, Culture=neutral, PublicKeyToken=31bf3856ad364e35'.  Skipping test extension scan for this assembly.  Error: System.Reflection.ReflectionTypeLoadException: Unable to load one or more of the requested types.
Could not load file or assembly 'Microsoft.Bcl.AsyncInterfaces, Version=1.0.0.0, Culture=neutral, PublicKeyToken=cc7b13ffcd2ddd51'. The system cannot find the file specified.
   at System.Reflection.RuntimeModule.GetTypes(RuntimeModule module)
   at System.Reflection.RuntimeModule.GetTypes()
   at System.Reflection.Assembly.GetTypes()
   at Microsoft.VisualStudio.TestPlatform.Common.ExtensionFramework.TestPluginDiscoverer.GetTestExtensionsFromAssembly[TPluginInfo,TExtension](Assembly assembly, Dictionary`2 pluginInfos)
System.IO.FileNotFoundException: Could not load file or assembly 'Microsoft.Bcl.AsyncInterfaces, Version=1.0.0.0, Culture=neutral, PublicKeyToken=cc7b13ffcd2ddd51'. The system cannot find the file specified.
File name: 'Microsoft.Bcl.AsyncInterfaces, Version=1.0.0.0, Culture=neutral, PublicKeyToken=cc7b13ffcd2ddd51'
TpTrace Warning: 0 : 21496, 1, 2022/06/15, 19:20:45.992, 265086841626, vstest.console.dll, LoaderExceptions: System.IO.FileNotFoundException: Could not load file or assembly 'Microsoft.Bcl.AsyncInterfaces, Version=1.0.0.0, Culture=neutral, PublicKeyToken=cc7b13ffcd2ddd51'. The system cannot find the file specified.
File name: 'Microsoft.Bcl.AsyncInterfaces, Version=1.0.0.0, Culture=neutral, PublicKeyToken=cc7b13ffcd2ddd51'
TpTrace Verbose: 0 : 21496, 1, 2022/06/15, 19:20:45.993, 265086845009, vstest.console.dll, TestPluginCache: Discovered the extensions using extension path ''.
TpTrace Verbose: 0 : 21496, 1, 2022/06/15, 19:20:45.993, 265086845804, vstest.console.dll, TestPluginCache: Discoverers are ''.
TpTrace Verbose: 0 : 21496, 1, 2022/06/15, 19:20:45.993, 265086846443, vstest.console.dll, TestPluginCache: Executors are ''.
TpTrace Verbose: 0 : 21496, 1, 2022/06/15, 19:20:45.993, 265086846850, vstest.console.dll, TestPluginCache: Executors2 are ''.
TpTrace Verbose: 0 : 21496, 1, 2022/06/15, 19:20:45.993, 265086847237, vstest.console.dll, TestPluginCache: Setting providers are ''.
TpTrace Verbose: 0 : 21496, 1, 2022/06/15, 19:20:45.993, 265086848364, vstest.console.dll, TestPluginCache: Loggers are 'logger://Microsoft/TestPlatform/Extensions/Blame/v1,logger://Microsoft/TestPlatform/HtmlLogger/v1,logger://Microsoft/TestPlatform/TrxLogger/v1'.
TpTrace Information: 0 : 21496, 1, 2022/06/15, 19:20:45.994, 265086854351, vstest.console.dll, TestPluginManager.CreateTestExtension: Attempting to load test extension: Microsoft.TestPlatform.Extensions.BlameDataCollector.BlameLogger
TpTrace Information: 0 : 21496, 1, 2022/06/15, 19:20:46.002, 265086936327, vstest.console.dll, TestPluginManager.CreateTestExtension: Attempting to load test extension: Microsoft.VisualStudio.TestPlatform.CrossPlatEngine.Hosting.DefaultTestHostManager
TpTrace Information: 0 : 21496, 1, 2022/06/15, 19:20:46.002, 265086940025, vstest.console.dll, TestPluginManager.CreateTestExtension: Attempting to load test extension: Microsoft.VisualStudio.TestPlatform.CrossPlatEngine.Hosting.DotnetTestHostManager
TpTrace Verbose: 0 : 21496, 1, 2022/06/15, 19:20:46.003, 265086945033, vstest.console.dll, TestEngine: Initializing Parallel Execution as MaxCpuCount is set to: 1
TpTrace Information: 0 : 21496, 1, 2022/06/15, 19:20:46.004, 265086952667, vstest.console.dll, InferRunSettingsHelper.IsTestSettingsEnabled: Unable to navigate to RunSettings/MSTest. Current node: RunSettings
TpTrace Verbose: 0 : 21496, 1, 2022/06/15, 19:20:46.015, 265087068548, vstest.console.dll, TestRequestSender is acting as server
TpTrace Verbose: 0 : 21496, 4, 2022/06/15, 19:20:46.018, 265087100625, vstest.console.dll, DataCollectionRequestSender.InitializeCommunication : Initialize communication. 
TpTrace Information: 0 : 21496, 4, 2022/06/15, 19:20:46.031, 265087231034, vstest.console.dll, Listening on Endpoint : 127.0.0.1:65160
TpTrace Verbose: 0 : 21496, 4, 2022/06/15, 19:20:46.041, 265087328986, vstest.console.dll, DotnetDataCollectionLauncher: Full path of dotnet.exe is C:\Program Files\dotnet\dotnet.exe
TpTrace Verbose: 0 : 21496, 4, 2022/06/15, 19:20:46.041, 265087331135, vstest.console.dll, DotnetDataCollectionLauncher: Adding  --runtimeconfig "C:\Program Files\dotnet\sdk\5.0.102\datacollector.runtimeconfig.json" in args
TpTrace Verbose: 0 : 21496, 4, 2022/06/15, 19:20:46.042, 265087332620, vstest.console.dll, DotnetDataCollectionLauncher: Adding  --depsfile "C:\Program Files\dotnet\sdk\5.0.102\datacollector.deps.json" in args
TpTrace Information: 0 : 21496, 4, 2022/06/15, 19:20:46.050, 265087412990, vstest.console.dll, ProxyDataCollectionManager.Initialize: Launched datacollector processId: 18284 port: 65160
TpTrace Information: 0 : 21496, 4, 2022/06/15, 19:20:46.050, 265087415071, vstest.console.dll, ProxyDataCollectionManager.Initialize: waiting for connection with timeout: 90 seconds
TpTrace Verbose: 0 : 21496, 4, 2022/06/15, 19:20:46.050, 265087415766, vstest.console.dll, DataCollectionRequestSender.WaitForRequestHandlerConnection : Waiting for connection with timeout: 90000
TpTrace Information: 0 : 21496, 7, 2022/06/15, 19:20:46.218, 265089099642, vstest.console.dll, Using the buffer size of 16384 bytes
TpTrace Verbose: 0 : 21496, 4, 2022/06/15, 19:20:46.218, 265089100310, vstest.console.dll, ProxyDataCollectionManager.InvokeDataCollectionServiceAction: Starting.
TpTrace Information: 0 : 21496, 7, 2022/06/15, 19:20:46.218, 265089102050, vstest.console.dll, Accepted Client request and set the flag
TpTrace Information: 0 : 21496, 4, 2022/06/15, 19:20:46.219, 265089103763, vstest.console.dll, ProxyDataCollectionManager.BeforeTestRunStart: Get environment variable and port for datacollector processId: 18284 port: 65160
TpTrace Verbose: 0 : 21496, 4, 2022/06/15, 19:20:46.219, 265089106838, vstest.console.dll, DataCollectionRequestSender.SendBeforeTestRunStartAndGetResult : Send BeforeTestRunStart message with settingsXml <RunSettings><RunConfiguration><ResultsDirectory>D:\Moez\LaFrance\Akka\TestTechnique\GestformUnitTests\bin\Debug\netcoreapp3.1\fine-code-coverage\coverage-tool-output</ResultsDirectory><TargetPlatform>X64</TargetPlatform><TargetFrameworkVersion>.NETCoreApp,Version=v3.1</TargetFrameworkVersion><DesignMode>False</DesignMode><CollectSourceInformation>False</CollectSourceInformation><TestAdaptersPaths>C:\Program Files\dotnet\sdk\5.0.102\Extensions</TestAdaptersPaths></RunConfiguration><LoggerRunSettings><Loggers><Logger friendlyName="blame" enabled="True" /><Logger friendlyName="Console" uri="logger://microsoft/TestPlatform/ConsoleLogger/v1" assemblyQualifiedName="Microsoft.VisualStudio.TestPlatform.CommandLine.Internal.ConsoleLogger, vstest.console, Version=15.0.0.0, Culture=neutral, PublicKeyToken=b03f5f7f11d50a3a" codeBase="C:\Program Files\dotnet\sdk\5.0.102\vstest.console.dll" enabled="True" /></Loggers></LoggerRunSettings><DataCollectionRunSettings><DataCollectors><DataCollector friendlyName="blame" enabled="True"><Configuration><ResultsDirectory>D:\Moez\LaFrance\Akka\TestTechnique\GestformUnitTests\bin\Debug\netcoreapp3.1\fine-code-coverage\coverage-tool-output</ResultsDirectory></Configuration></DataCollector></DataCollectors></DataCollectionRunSettings></RunSettings> and sources System.Linq.Enumerable+Concat2Iterator`1[System.String]: 
TpTrace Verbose: 0 : 21496, 4, 2022/06/15, 19:20:46.283, 265089750460, vstest.console.dll, DataCollectionRequestSender.SendBeforeTestRunStartAndGetResult : Received message: (DataCollection.SendMessage) -> {
  "FriendlyName": null,
  "Uri": null,
  "TestCaseId": "00000000-0000-0000-0000-000000000000",
  "Message": "Logging DataCollector Diagnostics in file: D:\\Moez\\LaFrance\\Akka\\TestTechnique\\GestformUnitTests\\bin\\Debug\\netcoreapp3.1\\fine-code-coverage\\coverage-tool-output\\diagnostics.datacollector.22-06-15_19-20-46_03744_4.log",
  "Level": 0
}
TpTrace Verbose: 0 : 21496, 4, 2022/06/15, 19:20:46.339, 265090312115, vstest.console.dll, DataCollectionRequestSender.SendBeforeTestRunStartAndGetResult : Received message: (DataCollection.BeforeTestRunStartResult) -> {
  "EnvironmentVariables": {},
  "DataCollectionEventsPort": 65163
}
TpTrace Information: 0 : 21496, 4, 2022/06/15, 19:20:46.343, 265090344422, vstest.console.dll, ProxyDataCollectionManager.BeforeTestRunStart: SendBeforeTestRunStartAndGetResult successful, env variable from datacollector:   and testhost port: 65163
TpTrace Information: 0 : 21496, 4, 2022/06/15, 19:20:46.343, 265090345318, vstest.console.dll, ProxyDataCollectionManager.InvokeDataCollectionServiceAction: Completed.
TpTrace Verbose: 0 : 21496, 1, 2022/06/15, 19:20:46.343, 265090347272, vstest.console.dll, TestRunRequest.ExecuteAsync: Creating test run request.
TpTrace Verbose: 0 : 21496, 1, 2022/06/15, 19:20:46.343, 265090350076, vstest.console.dll, TestRunRequest.ExecuteAsync: Starting.
TpTrace Information: 0 : 21496, 1, 2022/06/15, 19:20:46.344, 265090352980, vstest.console.dll, TestRunRequest.ExecuteAsync: Starting run with settings:TestRunCriteria:
   KeepAlive=False,FrequencyOfRunStatsChangeEvent=10,RunStatsChangeEventTimeout=00:00:01.5000000,TestCaseFilter=,TestExecutorLauncher=
   Settingsxml=<RunSettings>
  <RunConfiguration>
    <ResultsDirectory>D:\Moez\LaFrance\Akka\TestTechnique\GestformUnitTests\bin\Debug\netcoreapp3.1\fine-code-coverage\coverage-tool-output</ResultsDirectory>
    <TargetPlatform>X64</TargetPlatform>
    <TargetFrameworkVersion>.NETCoreApp,Version=v3.1</TargetFrameworkVersion>
    <DesignMode>False</DesignMode>
    <CollectSourceInformation>False</CollectSourceInformation>
  </RunConfiguration>
  <LoggerRunSettings>
    <Loggers>
      <Logger friendlyName="blame" enabled="True" />
      <Logger friendlyName="Console" uri="logger://microsoft/TestPlatform/ConsoleLogger/v1" assemblyQualifiedName="Microsoft.VisualStudio.TestPlatform.CommandLine.Internal.ConsoleLogger, vstest.console, Version=15.0.0.0, Culture=neutral, PublicKeyToken=b03f5f7f11d50a3a" codeBase="C:\Program Files\dotnet\sdk\5.0.102\vstest.console.dll" enabled="True" />
    </Loggers>
  </LoggerRunSettings>
  <DataCollectionRunSettings>
    <DataCollectors>
      <DataCollector friendlyName="blame" enabled="True">
        <Configuration>
          <ResultsDirectory>D:\Moez\LaFrance\Akka\TestTechnique\GestformUnitTests\bin\Debug\netcoreapp3.1\fine-code-coverage\coverage-tool-output</ResultsDirectory>
        </Configuration>
      </DataCollector>
    </DataCollectors>
  </DataCollectionRunSettings>
</RunSettings>

TpTrace Verbose: 0 : 21496, 1, 2022/06/15, 19:20:46.344, 265090354477, vstest.console.dll, TestRunRequest.ExecuteAsync: Wait for the first run request is over.
TpTrace Verbose: 0 : 21496, 1, 2022/06/15, 19:20:46.344, 265090359112, vstest.console.dll, ParallelProxyExecutionManager: Start execution. Total sources: 1
TpTrace Information: 0 : 21496, 1, 2022/06/15, 19:20:46.345, 265090367392, vstest.console.dll, ProxyParallelExecutionManager: Triggering test run for next source: D:\Moez\LaFrance\Akka\TestTechnique\GestformUnitTests\bin\Debug\netcoreapp3.1\fine-code-coverage\build-output\GestformUnitTests.dll
TpTrace Verbose: 0 : 21496, 4, 2022/06/15, 19:20:46.345, 265090371184, vstest.console.dll, ParallelProxyExecutionManager: Execution started. Started clients: 1
TpTrace Verbose: 0 : 21496, 1, 2022/06/15, 19:20:46.345, 265090371408, vstest.console.dll, ProxyParallelExecutionManager: No sources available for execution.
TpTrace Information: 0 : 21496, 1, 2022/06/15, 19:20:46.346, 265090373313, vstest.console.dll, TestRunRequest.ExecuteAsync: Started.
TpTrace Verbose: 0 : 21496, 1, 2022/06/15, 19:20:46.346, 265090374724, vstest.console.dll, TestRunRequest.WaitForCompletion: Waiting with timeout -1.
TpTrace Verbose: 0 : 21496, 4, 2022/06/15, 19:20:46.346, 265090375028, vstest.console.dll, TestRunRequest:SendTestRunMessage: Starting.
TpTrace Information: 0 : 21496, 4, 2022/06/15, 19:20:46.346, 265090377610, vstest.console.dll, TestRunRequest:SendTestRunMessage: Completed.
TpTrace Verbose: 0 : 21496, 4, 2022/06/15, 19:20:46.346, 265090380047, vstest.console.dll, ProxyExecutionManager: Test host is always Lazy initialize.
TpTrace Verbose: 0 : 21496, 4, 2022/06/15, 19:20:46.346, 265090382248, vstest.console.dll, TestRequestSender.InitializeCommunication: initialize communication. 
TpTrace Information: 0 : 21496, 4, 2022/06/15, 19:20:46.347, 265090388126, vstest.console.dll, SocketServer.Start: Listening on endpoint : 127.0.0.1:65164
TpTrace Verbose: 0 : 21496, 4, 2022/06/15, 19:20:46.348, 265090394059, vstest.console.dll, DotnetTestHostmanager: Adding  --runtimeconfig "D:\Moez\LaFrance\Akka\TestTechnique\GestformUnitTests\bin\Debug\netcoreapp3.1\fine-code-coverage\build-output\GestformUnitTests.runtimeconfig.json" in args
TpTrace Verbose: 0 : 21496, 4, 2022/06/15, 19:20:46.348, 265090394886, vstest.console.dll, DotnetTestHostmanager: Adding  --depsfile "D:\Moez\LaFrance\Akka\TestTechnique\GestformUnitTests\bin\Debug\netcoreapp3.1\fine-code-coverage\build-output\GestformUnitTests.deps.json" in args
TpTrace Verbose: 0 : 21496, 4, 2022/06/15, 19:20:46.348, 265090396656, vstest.console.dll, DotnetTestHostManager: Testhost.exe/testhost.x86.exe found at path: D:\Moez\LaFrance\Akka\TestTechnique\GestformUnitTests\bin\Debug\netcoreapp3.1\fine-code-coverage\build-output\testhost.exe
TpTrace Verbose: 0 : 21496, 4, 2022/06/15, 19:20:46.348, 265090397369, vstest.console.dll, DotnetTestHostmanager: Full path of host exe is D:\Moez\LaFrance\Akka\TestTechnique\GestformUnitTests\bin\Debug\netcoreapp3.1\fine-code-coverage\build-output\testhost.exe
TpTrace Verbose: 0 : 21496, 6, 2022/06/15, 19:20:46.349, 265090403973, vstest.console.dll, DotnetTestHostManager: Starting process 'D:\Moez\LaFrance\Akka\TestTechnique\GestformUnitTests\bin\Debug\netcoreapp3.1\fine-code-coverage\build-output\testhost.exe' with command line ' --runtimeconfig "D:\Moez\LaFrance\Akka\TestTechnique\GestformUnitTests\bin\Debug\netcoreapp3.1\fine-code-coverage\build-output\GestformUnitTests.runtimeconfig.json" --depsfile "D:\Moez\LaFrance\Akka\TestTechnique\GestformUnitTests\bin\Debug\netcoreapp3.1\fine-code-coverage\build-output\GestformUnitTests.deps.json" --port 65164 --endpoint 127.0.0.1:065164 --role client --parentprocessid 21496 --diag "D:\Moez\LaFrance\Akka\TestTechnique\GestformUnitTests\bin\Debug\netcoreapp3.1\fine-code-coverage\coverage-tool-output\diagnostics.host.22-06-15_19-20-46_34788_4.log" --tracelevel 4 --datacollectionport 65163 --telemetryoptedin false'
TpTrace Verbose: 0 : 21496, 6, 2022/06/15, 19:20:46.355, 265090469805, vstest.console.dll, Test Runtime launched
TpTrace Verbose: 0 : 21496, 4, 2022/06/15, 19:20:46.356, 265090479375, vstest.console.dll, TestRequestSender.WaitForRequestHandlerConnection: waiting for connection with timeout: 90000
TpTrace Verbose: 0 : 21496, 6, 2022/06/15, 19:20:46.535, 265092264641, vstest.console.dll, SocketServer.OnClientConnected: Client connected for endPoint: 127.0.0.1:65164, starting MessageLoopAsync:
TpTrace Verbose: 0 : 21496, 14, 2022/06/15, 19:20:46.535, 265092269152, vstest.console.dll, TcpClientExtensions.MessageLoopAsync: Polling on remoteEndPoint: 127.0.0.1:65165 localEndPoint: 127.0.0.1:65164
TpTrace Verbose: 0 : 21496, 14, 2022/06/15, 19:20:46.706, 265093980486, vstest.console.dll, TcpClientExtensions.MessageLoopAsync: NotifyDataAvailable remoteEndPoint: 127.0.0.1:65165 localEndPoint: 127.0.0.1:65164
TpTrace Verbose: 0 : 21496, 14, 2022/06/15, 19:20:46.707, 265093983894, vstest.console.dll, TestRequestSender.CheckVersionWithTestHost: onMessageReceived received message: (ProtocolVersion) -> 3
TpTrace Verbose: 0 : 21496, 14, 2022/06/15, 19:20:46.707, 265093988639, vstest.console.dll, TcpClientExtensions.MessageLoopAsync: Polling on remoteEndPoint: 127.0.0.1:65165 localEndPoint: 127.0.0.1:65164
TpTrace Verbose: 0 : 21496, 4, 2022/06/15, 19:20:46.707, 265093990255, vstest.console.dll, TestPluginCache.GetExtensionPaths: Filtered extension paths: 
TpTrace Verbose: 0 : 21496, 4, 2022/06/15, 19:20:46.707, 265093991332, vstest.console.dll, TestPluginCache.GetExtensionPaths: Added default extension paths: C:\Program Files\dotnet\sdk\5.0.102\Extensions\Microsoft.Diagnostics.NETCore.Client.dll
C:\Program Files\dotnet\sdk\5.0.102\Extensions\Microsoft.TestPlatform.Extensions.BlameDataCollector.dll
C:\Program Files\dotnet\sdk\5.0.102\Extensions\Microsoft.TestPlatform.Extensions.EventLogCollector.dll
C:\Program Files\dotnet\sdk\5.0.102\Extensions\Microsoft.TestPlatform.TestHostRuntimeProvider.dll
C:\Program Files\dotnet\sdk\5.0.102\Extensions\Microsoft.VisualStudio.TestPlatform.Extensions.Html.TestLogger.dll
C:\Program Files\dotnet\sdk\5.0.102\Extensions\Microsoft.VisualStudio.TestPlatform.Extensions.Trx.TestLogger.dll
TpTrace Verbose: 0 : 21496, 4, 2022/06/15, 19:20:46.707, 265093992173, vstest.console.dll, TestPluginCache.GetExtensionPaths: Added unfilterableExtensionPaths: 
TpTrace Verbose: 0 : 21496, 4, 2022/06/15, 19:20:46.711, 265094029617, vstest.console.dll, TestRequestSender.InitializeExecution: Sending initializing execution with message: {"Version":3,"MessageType":"TestExecution.Initialize","Payload":["D:\\Moez\\LaFrance\\Akka\\TestTechnique\\GestformUnitTests\\bin\\Debug\\netcoreapp3.1\\fine-code-coverage\\build-output\\xunit.runner.visualstudio.dotnetcore.testadapter.dll"]}
TpTrace Verbose: 0 : 21496, 4, 2022/06/15, 19:20:46.721, 265094126970, vstest.console.dll, TestRequestSender.StartTestRun: Sending test run with message: {"Version":3,"MessageType":"TestExecution.StartWithSources","Payload":{"AdapterSourceMap":{"_none_":["D:\\Moez\\LaFrance\\Akka\\TestTechnique\\GestformUnitTests\\bin\\Debug\\netcoreapp3.1\\fine-code-coverage\\build-output\\GestformUnitTests.dll"]},"RunSettings":"<RunSettings>\r\n  <RunConfiguration>\r\n    <ResultsDirectory>D:\\Moez\\LaFrance\\Akka\\TestTechnique\\GestformUnitTests\\bin\\Debug\\netcoreapp3.1\\fine-code-coverage\\coverage-tool-output</ResultsDirectory>\r\n    <TargetPlatform>X64</TargetPlatform>\r\n    <TargetFrameworkVersion>.NETCoreApp,Version=v3.1</TargetFrameworkVersion>\r\n    <DesignMode>False</DesignMode>\r\n    <CollectSourceInformation>False</CollectSourceInformation>\r\n  </RunConfiguration>\r\n  <LoggerRunSettings>\r\n    <Loggers>\r\n      <Logger friendlyName=\"blame\" enabled=\"True\" />\r\n      <Logger friendlyName=\"Console\" uri=\"logger://microsoft/TestPlatform/ConsoleLogger/v1\" assemblyQualifiedName=\"Microsoft.VisualStudio.TestPlatform.CommandLine.Internal.ConsoleLogger, vstest.console, Version=15.0.0.0, Culture=neutral, PublicKeyToken=b03f5f7f11d50a3a\" codeBase=\"C:\\Program Files\\dotnet\\sdk\\5.0.102\\vstest.console.dll\" enabled=\"True\" />\r\n    </Loggers>\r\n  </LoggerRunSettings>\r\n  <DataCollectionRunSettings>\r\n    <DataCollectors>\r\n      <DataCollector friendlyName=\"blame\" enabled=\"True\">\r\n        <Configuration>\r\n          <ResultsDirectory>D:\\Moez\\LaFrance\\Akka\\TestTechnique\\GestformUnitTests\\bin\\Debug\\netcoreapp3.1\\fine-code-coverage\\coverage-tool-output</ResultsDirectory>\r\n        </Configuration>\r\n      </DataCollector>\r\n    </DataCollectors>\r\n  </DataCollectionRunSettings>\r\n</RunSettings>","TestExecutionContext":{"FrequencyOfRunStatsChangeEvent":10,"RunStatsChangeEventTimeout":"00:00:01.5000000","InIsolation":false,"KeepAlive":false,"AreTestCaseLevelEventsRequired":false,"IsDebug":false,"TestCaseFilter":null,"FilterOptions":null},"Package":null}}
TpTrace Verbose: 0 : 21496, 14, 2022/06/15, 19:20:46.721, 265094130824, vstest.console.dll, TcpClientExtensions.MessageLoopAsync: NotifyDataAvailable remoteEndPoint: 127.0.0.1:65165 localEndPoint: 127.0.0.1:65164
TpTrace Verbose: 0 : 21496, 14, 2022/06/15, 19:20:46.722, 265094133121, vstest.console.dll, TestRequestSender.OnExecutionMessageReceived: Received message: {"Version":3,"MessageType":"TestSession.Message","Payload":{"MessageLevel":0,"Message":"Logging TestHost Diagnostics in file: D:\\Moez\\LaFrance\\Akka\\TestTechnique\\GestformUnitTests\\bin\\Debug\\netcoreapp3.1\\fine-code-coverage\\coverage-tool-output\\diagnostics.host.22-06-15_19-20-46_34788_4.log"}}
TpTrace Verbose: 0 : 21496, 14, 2022/06/15, 19:20:46.724, 265094156128, vstest.console.dll, TestRunRequest:SendTestRunMessage: Starting.
TpTrace Information: 0 : 21496, 14, 2022/06/15, 19:20:46.724, 265094158195, vstest.console.dll, TestRunRequest:SendTestRunMessage: Completed.
TpTrace Verbose: 0 : 21496, 14, 2022/06/15, 19:20:46.724, 265094159120, vstest.console.dll, TcpClientExtensions.MessageLoopAsync: Polling on remoteEndPoint: 127.0.0.1:65165 localEndPoint: 127.0.0.1:65164
TpTrace Verbose: 0 : 21496, 14, 2022/06/15, 19:20:46.891, 265095823218, vstest.console.dll, TcpClientExtensions.MessageLoopAsync: NotifyDataAvailable remoteEndPoint: 127.0.0.1:65165 localEndPoint: 127.0.0.1:65164
TpTrace Verbose: 0 : 21496, 14, 2022/06/15, 19:20:46.891, 265095824971, vstest.console.dll, TestRequestSender.OnExecutionMessageReceived: Received message: {"Version":3,"MessageType":"TestSession.Message","Payload":{"MessageLevel":0,"Message":"[xUnit.net 00:00:00.00] xUnit.net VSTest Adapter v2.4.3+1b45f5407b (64-bit .NET Core 3.1.11)"}}
TpTrace Verbose: 0 : 21496, 14, 2022/06/15, 19:20:46.891, 265095829330, vstest.console.dll, TestRunRequest:SendTestRunMessage: Starting.
TpTrace Information: 0 : 21496, 14, 2022/06/15, 19:20:46.891, 265095830803, vstest.console.dll, TestRunRequest:SendTestRunMessage: Completed.
TpTrace Verbose: 0 : 21496, 14, 2022/06/15, 19:20:46.891, 265095831449, vstest.console.dll, TcpClientExtensions.MessageLoopAsync: Polling on remoteEndPoint: 127.0.0.1:65165 localEndPoint: 127.0.0.1:65164
TpTrace Verbose: 0 : 21496, 14, 2022/06/15, 19:20:47.894, 265105859720, vstest.console.dll, TcpClientExtensions.MessageLoopAsync: Polling on remoteEndPoint: 127.0.0.1:65165 localEndPoint: 127.0.0.1:65164
TpTrace Verbose: 0 : 21496, 14, 2022/06/15, 19:20:47.986, 265106775785, vstest.console.dll, TcpClientExtensions.MessageLoopAsync: NotifyDataAvailable remoteEndPoint: 127.0.0.1:65165 localEndPoint: 127.0.0.1:65164
TpTrace Verbose: 0 : 21496, 14, 2022/06/15, 19:20:47.986, 265106777969, vstest.console.dll, TestRequestSender.OnExecutionMessageReceived: Received message: {"Version":3,"MessageType":"TestSession.Message","Payload":{"MessageLevel":0,"Message":"[xUnit.net 00:00:01.09]   Discovering: GestformUnitTests"}}
TpTrace Verbose: 0 : 21496, 14, 2022/06/15, 19:20:47.987, 265106782846, vstest.console.dll, TestRunRequest:SendTestRunMessage: Starting.
TpTrace Information: 0 : 21496, 14, 2022/06/15, 19:20:47.987, 265106784380, vstest.console.dll, TestRunRequest:SendTestRunMessage: Completed.
TpTrace Verbose: 0 : 21496, 14, 2022/06/15, 19:20:47.987, 265106785382, vstest.console.dll, TcpClientExtensions.MessageLoopAsync: Polling on remoteEndPoint: 127.0.0.1:65165 localEndPoint: 127.0.0.1:65164
TpTrace Verbose: 0 : 21496, 14, 2022/06/15, 19:20:48.030, 265107222230, vstest.console.dll, TcpClientExtensions.MessageLoopAsync: NotifyDataAvailable remoteEndPoint: 127.0.0.1:65165 localEndPoint: 127.0.0.1:65164
TpTrace Verbose: 0 : 21496, 14, 2022/06/15, 19:20:48.031, 265107224341, vstest.console.dll, TestRequestSender.OnExecutionMessageReceived: Received message: {"Version":3,"MessageType":"TestSession.Message","Payload":{"MessageLevel":0,"Message":"[xUnit.net 00:00:01.14]   Discovered:  GestformUnitTests"}}
TpTrace Verbose: 0 : 21496, 14, 2022/06/15, 19:20:48.031, 265107226792, vstest.console.dll, TestRunRequest:SendTestRunMessage: Starting.
TpTrace Information: 0 : 21496, 14, 2022/06/15, 19:20:48.031, 265107228070, vstest.console.dll, TestRunRequest:SendTestRunMessage: Completed.
TpTrace Verbose: 0 : 21496, 14, 2022/06/15, 19:20:48.031, 265107230578, vstest.console.dll, TcpClientExtensions.MessageLoopAsync: Polling on remoteEndPoint: 127.0.0.1:65165 localEndPoint: 127.0.0.1:65164
TpTrace Verbose: 0 : 21496, 14, 2022/06/15, 19:20:48.034, 265107253110, vstest.console.dll, TcpClientExtensions.MessageLoopAsync: NotifyDataAvailable remoteEndPoint: 127.0.0.1:65165 localEndPoint: 127.0.0.1:65164
TpTrace Verbose: 0 : 21496, 14, 2022/06/15, 19:20:48.034, 265107254767, vstest.console.dll, TestRequestSender.OnExecutionMessageReceived: Received message: {"Version":3,"MessageType":"TestSession.Message","Payload":{"MessageLevel":0,"Message":"[xUnit.net 00:00:01.14]   Starting:    GestformUnitTests"}}
TpTrace Verbose: 0 : 21496, 14, 2022/06/15, 19:20:48.034, 265107256645, vstest.console.dll, TestRunRequest:SendTestRunMessage: Starting.
TpTrace Information: 0 : 21496, 14, 2022/06/15, 19:20:48.034, 265107257494, vstest.console.dll, TestRunRequest:SendTestRunMessage: Completed.
TpTrace Verbose: 0 : 21496, 14, 2022/06/15, 19:20:48.034, 265107258083, vstest.console.dll, TcpClientExtensions.MessageLoopAsync: Polling on remoteEndPoint: 127.0.0.1:65165 localEndPoint: 127.0.0.1:65164
TpTrace Verbose: 0 : 21496, 14, 2022/06/15, 19:20:48.158, 265108497005, vstest.console.dll, TcpClientExtensions.MessageLoopAsync: NotifyDataAvailable remoteEndPoint: 127.0.0.1:65165 localEndPoint: 127.0.0.1:65164
TpTrace Verbose: 0 : 21496, 14, 2022/06/15, 19:20:48.158, 265108498820, vstest.console.dll, TestRequestSender.OnExecutionMessageReceived: Received message: {"Version":3,"MessageType":"TestSession.Message","Payload":{"MessageLevel":0,"Message":"[xUnit.net 00:00:01.27]   Finished:    GestformUnitTests"}}
TpTrace Verbose: 0 : 21496, 14, 2022/06/15, 19:20:48.158, 265108501563, vstest.console.dll, TestRunRequest:SendTestRunMessage: Starting.
TpTrace Information: 0 : 21496, 14, 2022/06/15, 19:20:48.159, 265108503002, vstest.console.dll, TestRunRequest:SendTestRunMessage: Completed.
TpTrace Verbose: 0 : 21496, 14, 2022/06/15, 19:20:48.159, 265108503979, vstest.console.dll, TcpClientExtensions.MessageLoopAsync: Polling on remoteEndPoint: 127.0.0.1:65165 localEndPoint: 127.0.0.1:65164
TpTrace Verbose: 0 : 21496, 14, 2022/06/15, 19:20:48.196, 265108879298, vstest.console.dll, TcpClientExtensions.MessageLoopAsync: NotifyDataAvailable remoteEndPoint: 127.0.0.1:65165 localEndPoint: 127.0.0.1:65164
TpTrace Verbose: 0 : 21496, 14, 2022/06/15, 19:20:48.197, 265108884201, vstest.console.dll, TestRequestSender.OnExecutionMessageReceived: Received message: {"Version":3,"MessageType":"TestExecution.Completed","Payload":{"TestRunCompleteArgs":{"TestRunStatistics":{"ExecutedTests":5,"Stats":{"Passed":5}},"IsCanceled":false,"IsAborted":false,"Error":null,"AttachmentSets":[],"ElapsedTimeInRunningTests":"00:00:01.2833192","Metrics":{}},"LastRunTests":{"NewTestResults":[{"TestCase":{"Properties":[{"Key":{"Id":"TestCase.FullyQualifiedName","Label":"FullyQualifiedName","Category":"","Description":"","Attributes":1,"ValueType":"System.String"},"Value":"GestformUnitTests.GestFormHandlerTests.GestFormDisplay_WhenIntegersIsEmpty_ThenWriteNothing"},{"Key":{"Id":"TestCase.ExecutorUri","Label":"Executor Uri","Category":"","Description":"","Attributes":1,"ValueType":"System.Uri"},"Value":"executor://xunit/VsTestRunner2/netcoreapp"},{"Key":{"Id":"TestCase.Source","Label":"Source","Category":"","Description":"","Attributes":0,"ValueType":"System.String"},"Value":"D:\\Moez\\LaFrance\\Akka\\TestTechnique\\GestformUnitTests\\bin\\Debug\\netcoreapp3.1\\fine-code-coverage\\build-output\\GestformUnitTests.dll"},{"Key":{"Id":"TestCase.CodeFilePath","Label":"File Path","Category":"","Description":"","Attributes":0,"ValueType":"System.String"},"Value":null},{"Key":{"Id":"TestCase.DisplayName","Label":"Name","Category":"","Description":"","Attributes":0,"ValueType":"System.String"},"Value":"GestformUnitTests.GestFormHandlerTests.GestFormDisplay_WhenIntegersIsEmpty_ThenWriteNothing"},{"Key":{"Id":"TestCase.Id","Label":"Id","Category":"","Description":"","Attributes":1,"ValueType":"System.Guid"},"Value":"acd5e167-6205-29b6-1935-bcfbd1975f43"},{"Key":{"Id":"TestCase.LineNumber","Label":"Line Number","Category":"","Description":"","Attributes":1,"ValueType":"System.Int32"},"Value":0}]},"Attachments":[],"Messages":[],"Properties":[{"Key":{"Id":"TestResult.Outcome","Label":"Outcome","Category":"","Description":"","Attributes":0,"ValueType":"Microsoft.VisualStudio.TestPlatform.ObjectModel.TestOutcome, Microsoft.VisualStudio.TestPlatform.ObjectModel, Version=15.0.0.0, Culture=neutral, PublicKeyToken=b03f5f7f11d50a3a"},"Value":1},{"Key":{"Id":"TestResult.ErrorMessage","Label":"Error Message","Category":"","Description":"","Attributes":0,"ValueType":"System.String"},"Value":null},{"Key":{"Id":"TestResult.ErrorStackTrace","Label":"Error Stack Trace","Category":"","Description":"","Attributes":0,"ValueType":"System.String"},"Value":null},{"Key":{"Id":"TestResult.DisplayName","Label":"TestResult Display Name","Category":"","Description":"","Attributes":1,"ValueType":"System.String"},"Value":"GestformUnitTests.GestFormHandlerTests.GestFormDisplay_WhenIntegersIsEmpty_ThenWriteNothing"},{"Key":{"Id":"TestResult.ComputerName","Label":"Computer Name","Category":"","Description":"","Attributes":0,"ValueType":"System.String"},"Value":"MOEZBJ"},{"Key":{"Id":"TestResult.Duration","Label":"Duration","Category":"","Description":"","Attributes":0,"ValueType":"System.TimeSpan"},"Value":"00:00:00.0052784"},{"Key":{"Id":"TestResult.StartTime","Label":"Start Time","Category":"","Description":"","Attributes":0,"ValueType":"System.DateTimeOffset"},"Value":"2022-06-15T17:20:48.1291962+00:00"},{"Key":{"Id":"TestResult.EndTime","Label":"End Time","Category":"","Description":"","Attributes":0,"ValueType":"System.DateTimeOffset"},"Value":"2022-06-15T17:20:48.129277+00:00"}]},{"TestCase":{"Properties":[{"Key":{"Id":"TestCase.FullyQualifiedName","Label":"FullyQualifiedName","Category":"","Description":"","Attributes":1,"ValueType":"System.String"},"Value":"GestformUnitTests.GestFormHelperTests.CreateRandomIntegerListTest"},{"Key":{"Id":"TestCase.ExecutorUri","Label":"Executor Uri","Category":"","Description":"","Attributes":1,"ValueType":"System.Uri"},"Value":"executor://xunit/VsTestRunner2/netcoreapp"},{"Key":{"Id":"TestCase.Source","Label":"Source","Category":"","Description":"","Attributes":0,"ValueType":"System.String"},"Value":"D:\\Moez\\LaFrance\\Akka\\TestTechnique\\GestformUnitTests\\bin\\Debug\\netcoreapp3.1\\fine-code-coverage\\build-output\\GestformUnitTests.dll"},{"Key":{"Id":"TestCase.CodeFilePath","Label":"File Path","Category":"","Description":"","Attributes":0,"ValueType":"System.String"},"Value":null},{"Key":{"Id":"TestCase.DisplayName","Label":"Name","Category":"","Description":"","Attributes":0,"ValueType":"System.String"},"Value":"GestformUnitTests.GestFormHelperTests.CreateRandomIntegerListTest"},{"Key":{"Id":"TestCase.Id","Label":"Id","Category":"","Description":"","Attributes":1,"ValueType":"System.Guid"},"Value":"88279935-e6c5-75ce-9ca2-3d5676629650"},{"Key":{"Id":"TestCase.LineNumber","Label":"Line Number","Category":"","Description":"","Attributes":1,"ValueType":"System.Int32"},"Value":0}]},"Attachments":[],"Messages":[],"Properties":[{"Key":{"Id":"TestResult.Outcome","Label":"Outcome","Category":"","Description":"","Attributes":0,"ValueType":"Microsoft.VisualStudio.TestPlatform.ObjectModel.TestOutcome, Microsoft.VisualStudio.TestPlatform.ObjectModel, Version=15.0.0.0, Culture=neutral, PublicKeyToken=b03f5f7f11d50a3a"},"Value":1},{"Key":{"Id":"TestResult.ErrorMessage","Label":"Error Message","Category":"","Description":"","Attributes":0,"ValueType":"System.String"},"Value":null},{"Key":{"Id":"TestResult.ErrorStackTrace","Label":"Error Stack Trace","Category":"","Description":"","Attributes":0,"ValueType":"System.String"},"Value":null},{"Key":{"Id":"TestResult.DisplayName","Label":"TestResult Display Name","Category":"","Description":"","Attributes":1,"ValueType":"System.String"},"Value":"GestformUnitTests.GestFormHelperTests.CreateRandomIntegerListTest"},{"Key":{"Id":"TestResult.ComputerName","Label":"Computer Name","Category":"","Description":"","Attributes":0,"ValueType":"System.String"},"Value":"MOEZBJ"},{"Key":{"Id":"TestResult.Duration","Label":"Duration","Category":"","Description":"","Attributes":0,"ValueType":"System.TimeSpan"},"Value":"00:00:00.0054069"},{"Key":{"Id":"TestResult.StartTime","Label":"Start Time","Category":"","Description":"","Attributes":0,"ValueType":"System.DateTimeOffset"},"Value":"2022-06-15T17:20:48.147973+00:00"},{"Key":{"Id":"TestResult.EndTime","Label":"End Time","Category":"","Description":"","Attributes":0,"ValueType":"System.DateTimeOffset"},"Value":"2022-06-15T17:20:48.1479741+00:00"}]},{"TestCase":{"Properties":[{"Key":{"Id":"TestCase.FullyQualifiedName","Label":"FullyQualifiedName","Category":"","Description":"","Attributes":1,"ValueType":"System.String"},"Value":"GestformUnitTests.MainProgramTests.MainTest"},{"Key":{"Id":"TestCase.ExecutorUri","Label":"Executor Uri","Category":"","Description":"","Attributes":1,"ValueType":"System.Uri"},"Value":"executor://xunit/VsTestRunner2/netcoreapp"},{"Key":{"Id":"TestCase.Source","Label":"Source","Category":"","Description":"","Attributes":0,"ValueType":"System.String"},"Value":"D:\\Moez\\LaFrance\\Akka\\TestTechnique\\GestformUnitTests\\bin\\Debug\\netcoreapp3.1\\fine-code-coverage\\build-output\\GestformUnitTests.dll"},{"Key":{"Id":"TestCase.CodeFilePath","Label":"File Path","Category":"","Description":"","Attributes":0,"ValueType":"System.String"},"Value":null},{"Key":{"Id":"TestCase.DisplayName","Label":"Name","Category":"","Description":"","Attributes":0,"ValueType":"System.String"},"Value":"GestformUnitTests.MainProgramTests.MainTest"},{"Key":{"Id":"TestCase.Id","Label":"Id","Category":"","Description":"","Attributes":1,"ValueType":"System.Guid"},"Value":"5aeb5ab3-35af-e93d-00e2-73152038e13c"},{"Key":{"Id":"TestCase.LineNumber","Label":"Line Number","Category":"","Description":"","Attributes":1,"ValueType":"System.Int32"},"Value":0}]},"Attachments":[],"Messages":[],"Properties":[{"Key":{"Id":"TestResult.Outcome","Label":"Outcome","Category":"","Description":"","Attributes":0,"ValueType":"Microsoft.VisualStudio.TestPlatform.ObjectModel.TestOutcome, Microsoft.VisualStudio.TestPlatform.ObjectModel, Version=15.0.0.0, Culture=neutral, PublicKeyToken=b03f5f7f11d50a3a"},"Value":1},{"Key":{"Id":"TestResult.ErrorMessage","Label":"Error Message","Category":"","Description":"","Attributes":0,"ValueType":"System.String"},"Value":null},{"Key":{"Id":"TestResult.ErrorStackTrace","Label":"Error Stack Trace","Category":"","Description":"","Attributes":0,"ValueType":"System.String"},"Value":null},{"Key":{"Id":"TestResult.DisplayName","Label":"TestResult Display Name","Category":"","Description":"","Attributes":1,"ValueType":"System.String"},"Value":"GestformUnitTests.MainProgramTests.MainTest"},{"Key":{"Id":"TestResult.ComputerName","Label":"Computer Name","Category":"","Description":"","Attributes":0,"ValueType":"System.String"},"Value":"MOEZBJ"},{"Key":{"Id":"TestResult.Duration","Label":"Duration","Category":"","Description":"","Attributes":0,"ValueType":"System.TimeSpan"},"Value":"00:00:00.0054225"},{"Key":{"Id":"TestResult.StartTime","Label":"Start Time","Category":"","Description":"","Attributes":0,"ValueType":"System.DateTimeOffset"},"Value":"2022-06-15T17:20:48.1494153+00:00"},{"Key":{"Id":"TestResult.EndTime","Label":"End Time","Category":"","Description":"","Attributes":0,"ValueType":"System.DateTimeOffset"},"Value":"2022-06-15T17:20:48.149416+00:00"}]},{"TestCase":{"Properties":[{"Key":{"Id":"TestCase.FullyQualifiedName","Label":"FullyQualifiedName","Category":"","Description":"","Attributes":1,"ValueType":"System.String"},"Value":"GestformUnitTests.GestFormHandlerTests.GestFormDisplay_WhenIntegersHasvalues_Nominal"},{"Key":{"Id":"TestCase.ExecutorUri","Label":"Executor Uri","Category":"","Description":"","Attributes":1,"ValueType":"System.Uri"},"Value":"executor://xunit/VsTestRunner2/netcoreapp"},{"Key":{"Id":"TestCase.Source","Label":"Source","Category":"","Description":"","Attributes":0,"ValueType":"System.String"},"Value":"D:\\Moez\\LaFrance\\Akka\\TestTechnique\\GestformUnitTests\\bin\\Debug\\netcoreapp3.1\\fine-code-coverage\\build-output\\GestformUnitTests.dll"},{"Key":{"Id":"TestCase.CodeFilePath","Label":"File Path","Category":"","Description":"","Attributes":0,"ValueType":"System.String"},"Value":null},{"Key":{"Id":"TestCase.DisplayName","Label":"Name","Category":"","Description":"","Attributes":0,"ValueType":"System.String"},"Value":"GestformUnitTests.GestFormHandlerTests.GestFormDisplay_WhenIntegersHasvalues_Nominal"},{"Key":{"Id":"TestCase.Id","Label":"Id","Category":"","Description":"","Attributes":1,"ValueType":"System.Guid"},"Value":"8298520e-550b-7fec-44e1-132e2a5628ca"},{"Key":{"Id":"TestCase.LineNumber","Label":"Line Number","Category":"","Description":"","Attributes":1,"ValueType":"System.Int32"},"Value":0}]},"Attachments":[],"Messages":[],"Properties":[{"Key":{"Id":"TestResult.Outcome","Label":"Outcome","Category":"","Description":"","Attributes":0,"ValueType":"Microsoft.VisualStudio.TestPlatform.ObjectModel.TestOutcome, Microsoft.VisualStudio.TestPlatform.ObjectModel, Version=15.0.0.0, Culture=neutral, PublicKeyToken=b03f5f7f11d50a3a"},"Value":1},{"Key":{"Id":"TestResult.ErrorMessage","Label":"Error Message","Category":"","Description":"","Attributes":0,"ValueType":"System.String"},"Value":null},{"Key":{"Id":"TestResult.ErrorStackTrace","Label":"Error Stack Trace","Category":"","Description":"","Attributes":0,"ValueType":"System.String"},"Value":null},{"Key":{"Id":"TestResult.DisplayName","Label":"TestResult Display Name","Category":"","Description":"","Attributes":1,"ValueType":"System.String"},"Value":"GestformUnitTests.GestFormHandlerTests.GestFormDisplay_WhenIntegersHasvalues_Nominal"},{"Key":{"Id":"TestResult.ComputerName","Label":"Computer Name","Category":"","Description":"","Attributes":0,"ValueType":"System.String"},"Value":"MOEZBJ"},{"Key":{"Id":"TestResult.Duration","Label":"Duration","Category":"","Description":"","Attributes":0,"ValueType":"System.TimeSpan"},"Value":"00:00:00.0003593"},{"Key":{"Id":"TestResult.StartTime","Label":"Start Time","Category":"","Description":"","Attributes":0,"ValueType":"System.DateTimeOffset"},"Value":"2022-06-15T17:20:48.1534672+00:00"},{"Key":{"Id":"TestResult.EndTime","Label":"End Time","Category":"","Description":"","Attributes":0,"ValueType":"System.DateTimeOffset"},"Value":"2022-06-15T17:20:48.1534691+00:00"}]},{"TestCase":{"Properties":[{"Key":{"Id":"TestCase.FullyQualifiedName","Label":"FullyQualifiedName","Category":"","Description":"","Attributes":1,"ValueType":"System.String"},"Value":"GestformUnitTests.GestFormHandlerTests.GestFormDisplay_WhenIntegersIsNull_ThenWriteNothing"},{"Key":{"Id":"TestCase.ExecutorUri","Label":"Executor Uri","Category":"","Description":"","Attributes":1,"ValueType":"System.Uri"},"Value":"executor://xunit/VsTestRunner2/netcoreapp"},{"Key":{"Id":"TestCase.Source","Label":"Source","Category":"","Description":"","Attributes":0,"ValueType":"System.String"},"Value":"D:\\Moez\\LaFrance\\Akka\\TestTechnique\\GestformUnitTests\\bin\\Debug\\netcoreapp3.1\\fine-code-coverage\\build-output\\GestformUnitTests.dll"},{"Key":{"Id":"TestCase.CodeFilePath","Label":"File Path","Category":"","Description":"","Attributes":0,"ValueType":"System.String"},"Value":null},{"Key":{"Id":"TestCase.DisplayName","Label":"Name","Category":"","Description":"","Attributes":0,"ValueType":"System.String"},"Value":"GestformUnitTests.GestFormHandlerTests.GestFormDisplay_WhenIntegersIsNull_ThenWriteNothing"},{"Key":{"Id":"TestCase.Id","Label":"Id","Category":"","Description":"","Attributes":1,"ValueType":"System.Guid"},"Value":"64b5de19-8d54-9285-8b47-d41524bde679"},{"Key":{"Id":"TestCase.LineNumber","Label":"Line Number","Category":"","Description":"","Attributes":1,"ValueType":"System.Int32"},"Value":0}]},"Attachments":[],"Messages":[],"Properties":[{"Key":{"Id":"TestResult.Outcome","Label":"Outcome","Category":"","Description":"","Attributes":0,"ValueType":"Microsoft.VisualStudio.TestPlatform.ObjectModel.TestOutcome, Microsoft.VisualStudio.TestPlatform.ObjectModel, Version=15.0.0.0, Culture=neutral, PublicKeyToken=b03f5f7f11d50a3a"},"Value":1},{"Key":{"Id":"TestResult.ErrorMessage","Label":"Error Message","Category":"","Description":"","Attributes":0,"ValueType":"System.String"},"Value":null},{"Key":{"Id":"TestResult.ErrorStackTrace","Label":"Error Stack Trace","Category":"","Description":"","Attributes":0,"ValueType":"System.String"},"Value":null},{"Key":{"Id":"TestResult.DisplayName","Label":"TestResult Display Name","Category":"","Description":"","Attributes":1,"ValueType":"System.String"},"Value":"GestformUnitTests.GestFormHandlerTests.GestFormDisplay_WhenIntegersIsNull_ThenWriteNothing"},{"Key":{"Id":"TestResult.ComputerName","Label":"Computer Name","Category":"","Description":"","Attributes":0,"ValueType":"System.String"},"Value":"MOEZBJ"},{"Key":{"Id":"TestResult.Duration","Label":"Duration","Category":"","Description":"","Attributes":0,"ValueType":"System.TimeSpan"},"Value":"00:00:00.0001555"},{"Key":{"Id":"TestResult.StartTime","Label":"Start Time","Category":"","Description":"","Attributes":0,"ValueType":"System.DateTimeOffset"},"Value":"2022-06-15T17:20:48.1557812+00:00"},{"Key":{"Id":"TestResult.EndTime","Label":"End Time","Category":"","Description":"","Attributes":0,"ValueType":"System.DateTimeOffset"},"Value":"2022-06-15T17:20:48.1557826+00:00"}]}],"TestRunStatistics":{"ExecutedTests":5,"Stats":{"Passed":5}},"ActiveTests":[]},"RunAttachments":[],"ExecutorUris":["executor://xunit/VsTestRunner2/netcoreapp"]}}
TpTrace Verbose: 0 : 21496, 14, 2022/06/15, 19:20:48.198, 265108894650, vstest.console.dll, TestRequestSender.EndSession: Sending end session.
TpTrace Verbose: 0 : 21496, 14, 2022/06/15, 19:20:48.198, 265108896714, vstest.console.dll, ProxyOperationManager.Close: waiting for test host to exit for 100 ms
TpTrace Warning: 0 : 21496, 12, 2022/06/15, 19:20:48.214, 265109055874, vstest.console.dll, TestHostManagerCallbacks.ErrorReceivedCallback Test host standard error line: 
TpTrace Verbose: 0 : 21496, 7, 2022/06/15, 19:20:48.225, 265109167449, vstest.console.dll, TestHostProvider.ExitCallBack: Host exited starting callback.
TpTrace Information: 0 : 21496, 7, 2022/06/15, 19:20:48.226, 265109172723, vstest.console.dll, TestHostManagerCallbacks.ExitCallBack: Testhost processId: 20788 exited with exitcode: 0 error: ''
TpTrace Verbose: 0 : 21496, 7, 2022/06/15, 19:20:48.226, 265109174129, vstest.console.dll, DotnetTestHostManager.OnHostExited: invoking OnHostExited callback
TpTrace Verbose: 0 : 21496, 7, 2022/06/15, 19:20:48.226, 265109175025, vstest.console.dll, CrossPlatEngine.TestHostManagerHostExited: calling on client process exit callback.
TpTrace Information: 0 : 21496, 7, 2022/06/15, 19:20:48.226, 265109175843, vstest.console.dll, TestRequestSender.OnClientProcessExit: Test host process exited. Standard error: 
TpTrace Warning: 0 : 21496, 14, 2022/06/15, 19:20:48.226, 265109176227, vstest.console.dll, ProxyOperationManager: Timed out waiting for test host to exit. Will terminate process.
TpTrace Information: 0 : 21496, 7, 2022/06/15, 19:20:48.226, 265109176523, vstest.console.dll, SocketServer.Stop: Stop server endPoint: 127.0.0.1:65164
TpTrace Information: 0 : 21496, 7, 2022/06/15, 19:20:48.226, 265109178027, vstest.console.dll, SocketServer.Stop: Cancellation requested. Stopping message loop.
TpTrace Verbose: 0 : 21496, 14, 2022/06/15, 19:20:48.227, 265109188707, vstest.console.dll, ProxyDataCollectionManager.InvokeDataCollectionServiceAction: Starting.
TpTrace Information: 0 : 21496, 14, 2022/06/15, 19:20:48.227, 265109190221, vstest.console.dll, ProxyDataCollectionManager.AfterTestRunEnd: Get attachment set for datacollector processId: 18284 port: 65160
TpTrace Verbose: 0 : 21496, 14, 2022/06/15, 19:20:48.227, 265109191211, vstest.console.dll, DataCollectionRequestSender.SendAfterTestRunStartAndGetResult : Send AfterTestRunEnd message with isCancelled: False
TpTrace Verbose: 0 : 21496, 14, 2022/06/15, 19:20:48.229, 265109211383, vstest.console.dll, DataCollectionRequestSender.SendAfterTestRunStartAndGetResult : Received message: (DataCollection.AfterTestRunEndResult) -> []
TpTrace Information: 0 : 21496, 14, 2022/06/15, 19:20:48.232, 265109241271, vstest.console.dll, ProxyDataCollectionManager.InvokeDataCollectionServiceAction: Completed.
TpTrace Warning: 0 : 21496, 9, 2022/06/15, 19:20:48.236, 265109279449, vstest.console.dll, DataCollectionLauncher.ErrorReceivedCallback datacollector standard error line: 
TpTrace Information: 0 : 21496, 7, 2022/06/15, 19:20:48.242, 265109335298, vstest.console.dll, DataCollectionLauncher.ExitCallBack: Data collector exited with exitcode: 0 error: ''
TpTrace Verbose: 0 : 21496, 14, 2022/06/15, 19:20:48.281, 265109732307, vstest.console.dll, TestRunRequest:SendTestRunStatsChange: Starting.
TpTrace Information: 0 : 21496, 14, 2022/06/15, 19:20:48.282, 265109735231, vstest.console.dll, TestRunRequest:SendTestRunStatsChange: Completed.
TpTrace Verbose: 0 : 21496, 14, 2022/06/15, 19:20:48.282, 265109737216, vstest.console.dll, ParallelProxyExecutionManager: HandlePartialRunComplete: Total completed clients = 1, Run complete = True, Run canceled: False.
TpTrace Verbose: 0 : 21496, 14, 2022/06/15, 19:20:48.293, 265109846072, vstest.console.dll, TestRunRequest:TestRunComplete: Starting. IsAborted:False IsCanceled:False.
TpTrace Verbose: 0 : 21496, 14, 2022/06/15, 19:20:48.293, 265109849860, vstest.console.dll, TestLoggerManager.HandleTestRunComplete: Ignoring as the object is disposed.
TpTrace Information: 0 : 21496, 14, 2022/06/15, 19:20:48.294, 265109852930, vstest.console.dll, TestRunRequest:TestRunComplete: Completed.
TpTrace Verbose: 0 : 21496, 1, 2022/06/15, 19:20:48.294, 265109853187, vstest.console.dll, TestRunRequest.Dispose: Starting.
TpTrace Verbose: 0 : 21496, 14, 2022/06/15, 19:20:48.294, 265109854111, vstest.console.dll, TestRequestSender.SetOperationComplete: Setting operation complete.
TpTrace Information: 0 : 21496, 14, 2022/06/15, 19:20:48.294, 265109856954, vstest.console.dll, SocketServer.Stop: Stop server endPoint: 127.0.0.1:65164
TpTrace Information: 0 : 21496, 14, 2022/06/15, 19:20:48.294, 265109857781, vstest.console.dll, SocketServer.Stop: Cancellation requested. Stopping message loop.
TpTrace Information: 0 : 21496, 1, 2022/06/15, 19:20:48.294, 265109855982, vstest.console.dll, TestRunRequest.Dispose: Completed.
TpTrace Information: 0 : 21496, 14, 2022/06/15, 19:20:48.294, 265109858535, vstest.console.dll, SocketServer.PrivateStop: Stop server endPoint: 127.0.0.1:65164 error: 
TpTrace Information: 0 : 21496, 1, 2022/06/15, 19:20:48.294, 265109859770, vstest.console.dll, TestRequestManager.RunTests: run tests completed.
TpTrace Information: 0 : 21496, 1, 2022/06/15, 19:20:48.294, 265109862211, vstest.console.dll, RunTestsArgumentProcessor:Execute: Test run is completed.
TpTrace Verbose: 0 : 21496, 1, 2022/06/15, 19:20:48.295, 265109863253, vstest.console.dll, Executor.Execute: Exiting with exit code of 0
TpTrace Verbose: 0 : 21496, 14, 2022/06/15, 19:20:48.295, 265109868984, vstest.console.dll, LengthPrefixCommunicationChannel.Dispose: Dispose reader and writer.
TpTrace Information: 0 : 21496, 14, 2022/06/15, 19:20:48.295, 265109870417, vstest.console.dll, SocketServer.Stop: Raise disconnected event endPoint: 127.0.0.1:65164 error: 
